Determining if the pthread_create exist failed with the following output:
Change Dir: /home/zhang/catkin_ws/build/catkin_tools_prebuild/CMakeFiles/CMakeTmp

Run Build Command:"/usr/bin/make" "cmTC_a4be4/fast"
/usr/bin/make -f CMakeFiles/cmTC_a4be4.dir/build.make CMakeFiles/cmTC_a4be4.dir/build
make[1]: Entering directory '/home/zhang/catkin_ws/build/catkin_tools_prebuild/CMakeFiles/CMakeTmp'
Building C object CMakeFiles/cmTC_a4be4.dir/CheckSymbolExists.c.o
/usr/bin/cc     -o CMakeFiles/cmTC_a4be4.dir/CheckSymbolExists.c.o   -c /home/zhang/catkin_ws/build/catkin_tools_prebuild/CMakeFiles/CMakeTmp/CheckSymbolExists.c
Linking C executable cmTC_a4be4
/usr/bin/cmake -E cmake_link_script CMakeFiles/cmTC_a4be4.dir/link.txt --verbose=1
/usr/bin/cc       CMakeFiles/cmTC_a4be4.dir/CheckSymbolExists.c.o  -o cmTC_a4be4 -rdynamic 
CMakeFiles/cmTC_a4be4.dir/CheckSymbolExists.c.o: In function `main':
CheckSymbolExists.c:(.text+0x16): undefined reference to `pthread_create'
collect2: error: ld returned 1 exit status
CMakeFiles/cmTC_a4be4.dir/build.make:97: recipe for target 'cmTC_a4be4' failed
make[1]: *** [cmTC_a4be4] Error 1
make[1]: Leaving directory '/home/zhang/catkin_ws/build/catkin_tools_prebuild/CMakeFiles/CMakeTmp'
Makefile:126: recipe for target 'cmTC_a4be4/fast' failed
make: *** [cmTC_a4be4/fast] Error 2

File /home/zhang/catkin_ws/build/catkin_tools_prebuild/CMakeFiles/CMakeTmp/CheckSymbolExists.c:
/* */
#include <pthread.h>

int main(int argc, char** argv)
{
  (void)argv;
#ifndef pthread_create
  return ((int*)(&pthread_create))[argc];
#else
  (void)argc;
  return 0;
#endif
}

Determining if the function pthread_create exists in the pthreads failed with the following output:
Change Dir: /home/zhang/catkin_ws/build/catkin_tools_prebuild/CMakeFiles/CMakeTmp

Run Build Command:"/usr/bin/make" "cmTC_ccca9/fast"
/usr/bin/make -f CMakeFiles/cmTC_ccca9.dir/build.make CMakeFiles/cmTC_ccca9.dir/build
make[1]: Entering directory '/home/zhang/catkin_ws/build/catkin_tools_prebuild/CMakeFiles/CMakeTmp'
Building C object CMakeFiles/cmTC_ccca9.dir/CheckFunctionExists.c.o
/usr/bin/cc    -DCHECK_FUNCTION_EXISTS=pthread_create   -o CMakeFiles/cmTC_ccca9.dir/CheckFunctionExists.c.o   -c /usr/share/cmake-3.5/Modules/CheckFunctionExists.c
Linking C executable cmTC_ccca9
/usr/bin/cmake -E cmake_link_script CMakeFiles/cmTC_ccca9.dir/link.txt --verbose=1
/usr/bin/cc   -DCHECK_FUNCTION_EXISTS=pthread_create    CMakeFiles/cmTC_ccca9.dir/CheckFunctionExists.c.o  -o cmTC_ccca9 -rdynamic -lpthreads 
/usr/bin/ld: cannot find -lpthreads
collect2: error: ld returned 1 exit status
CMakeFiles/cmTC_ccca9.dir/build.make:97: recipe for target 'cmTC_ccca9' failed
make[1]: *** [cmTC_ccca9] Error 1
make[1]: Leaving directory '/home/zhang/catkin_ws/build/catkin_tools_prebuild/CMakeFiles/CMakeTmp'
Makefile:126: recipe for target 'cmTC_ccca9/fast' failed
make: *** [cmTC_ccca9/fast] Error 2


