Determining if the pthread_create exist failed with the following output:
Change Dir: /home/zhang/catkin_ws/build/vrep_ros_interface/CMakeFiles/CMakeTmp

Run Build Command:"/usr/bin/make" "cmTC_87b65/fast"
/usr/bin/make -f CMakeFiles/cmTC_87b65.dir/build.make CMakeFiles/cmTC_87b65.dir/build
make[1]: Entering directory '/home/zhang/catkin_ws/build/vrep_ros_interface/CMakeFiles/CMakeTmp'
Building C object CMakeFiles/cmTC_87b65.dir/CheckSymbolExists.c.o
/usr/bin/cc     -o CMakeFiles/cmTC_87b65.dir/CheckSymbolExists.c.o   -c /home/zhang/catkin_ws/build/vrep_ros_interface/CMakeFiles/CMakeTmp/CheckSymbolExists.c
Linking C executable cmTC_87b65
/usr/bin/cmake -E cmake_link_script CMakeFiles/cmTC_87b65.dir/link.txt --verbose=1
/usr/bin/cc       CMakeFiles/cmTC_87b65.dir/CheckSymbolExists.c.o  -o cmTC_87b65 -rdynamic 
CMakeFiles/cmTC_87b65.dir/CheckSymbolExists.c.o: In function `main':
CheckSymbolExists.c:(.text+0x16): undefined reference to `pthread_create'
collect2: error: ld returned 1 exit status
CMakeFiles/cmTC_87b65.dir/build.make:97: recipe for target 'cmTC_87b65' failed
make[1]: *** [cmTC_87b65] Error 1
make[1]: Leaving directory '/home/zhang/catkin_ws/build/vrep_ros_interface/CMakeFiles/CMakeTmp'
Makefile:126: recipe for target 'cmTC_87b65/fast' failed
make: *** [cmTC_87b65/fast] Error 2

File /home/zhang/catkin_ws/build/vrep_ros_interface/CMakeFiles/CMakeTmp/CheckSymbolExists.c:
/* */
#include <pthread.h>

int main(int argc, char** argv)
{
  (void)argv;
#ifndef pthread_create
  return ((int*)(&pthread_create))[argc];
#else
  (void)argc;
  return 0;
#endif
}

Determining if the function pthread_create exists in the pthreads failed with the following output:
Change Dir: /home/zhang/catkin_ws/build/vrep_ros_interface/CMakeFiles/CMakeTmp

Run Build Command:"/usr/bin/make" "cmTC_2d376/fast"
/usr/bin/make -f CMakeFiles/cmTC_2d376.dir/build.make CMakeFiles/cmTC_2d376.dir/build
make[1]: Entering directory '/home/zhang/catkin_ws/build/vrep_ros_interface/CMakeFiles/CMakeTmp'
Building C object CMakeFiles/cmTC_2d376.dir/CheckFunctionExists.c.o
/usr/bin/cc    -DCHECK_FUNCTION_EXISTS=pthread_create   -o CMakeFiles/cmTC_2d376.dir/CheckFunctionExists.c.o   -c /usr/share/cmake-3.5/Modules/CheckFunctionExists.c
Linking C executable cmTC_2d376
/usr/bin/cmake -E cmake_link_script CMakeFiles/cmTC_2d376.dir/link.txt --verbose=1
/usr/bin/cc   -DCHECK_FUNCTION_EXISTS=pthread_create    CMakeFiles/cmTC_2d376.dir/CheckFunctionExists.c.o  -o cmTC_2d376 -rdynamic -lpthreads 
/usr/bin/ld: cannot find -lpthreads
collect2: error: ld returned 1 exit status
CMakeFiles/cmTC_2d376.dir/build.make:97: recipe for target 'cmTC_2d376' failed
make[1]: *** [cmTC_2d376] Error 1
make[1]: Leaving directory '/home/zhang/catkin_ws/build/vrep_ros_interface/CMakeFiles/CMakeTmp'
Makefile:126: recipe for target 'cmTC_2d376/fast' failed
make: *** [cmTC_2d376/fast] Error 2


