[  0%] Built target _vrep_common_generate_messages_check_deps_simRosAddStatusbarMessage
[  0%] Built target _vrep_common_generate_messages_check_deps_simRosSetModelProperty
[  0%] Built target _vrep_common_generate_messages_check_deps_simRosLoadScene
[  0%] Built target _vrep_common_generate_messages_check_deps_simRosLoadModel
[  0%] Built target _vrep_common_generate_messages_check_deps_simRosGetFloatSignal
[  0%] Built target _vrep_common_generate_messages_check_deps_simRosSetUISlider
[  0%] Built target _vrep_common_generate_messages_check_deps_simRosSetVisionSensorImage
[  0%] Built target _vrep_common_generate_messages_check_deps_simRosDisableSubscriber
[  0%] Built target _vrep_common_generate_messages_check_deps_simRosSetArrayParameter
[  0%] Built target _vrep_common_generate_messages_check_deps_simRosGetArrayParameter
[  0%] Built target _vrep_common_generate_messages_check_deps_simRosRemoveObject
[  0%] Built target _vrep_common_generate_messages_check_deps_simRosGetObjectFloatParameter
[  0%] Built target _vrep_common_generate_messages_check_deps_simRosGetInfo
[  0%] Built target _vrep_common_generate_messages_check_deps_simRosSetUIButtonProperty
[  0%] Built target _vrep_common_generate_messages_check_deps_simRosSetObjectParent
[  0%] Built target _vrep_common_generate_messages_check_deps_simRosGetJointMatrix
[  0%] Built target _vrep_common_generate_messages_check_deps_simRosGetStringParameter
[  0%] Built target _vrep_common_generate_messages_check_deps_simRosAuxiliaryConsolePrint
[  0%] Built target _vrep_common_generate_messages_check_deps_simRosSetObjectPose
[  0%] Built target _vrep_common_generate_messages_check_deps_simRosGetObjectHandle
[  0%] Built target _vrep_common_generate_messages_check_deps_simRosGetAndClearStringSignal
[  0%] Built target _vrep_common_generate_messages_check_deps_simRosGetCollectionHandle
[  0%] Built target _vrep_common_generate_messages_check_deps_simRosGetObjectSelection
[  0%] Built target _vrep_common_generate_messages_check_deps_simRosGetIntegerSignal
[  0%] Built target _vrep_common_generate_messages_check_deps_simRosGetJointState
[  0%] Built target _vrep_common_generate_messages_check_deps_simRosGetUIEventButton
[  0%] Built target _vrep_common_generate_messages_check_deps_simRosCopyPasteObjects
[  0%] Built target _vrep_common_generate_messages_check_deps_simRosGetDialogInput
[  0%] Built target _vrep_common_generate_messages_check_deps_simRosGetObjectGroupData
[  0%] Built target _vrep_common_generate_messages_check_deps_simRosGetVisionSensorImage
[  0%] Built target _vrep_common_generate_messages_check_deps_simRosSetIntegerParameter
[  0%] Built target _vrep_common_generate_messages_check_deps_simRosGetUIHandle
[  0%] Built target _vrep_common_generate_messages_check_deps_ForceSensorData
[  0%] Built target _vrep_common_generate_messages_check_deps_simRosGetObjectIntParameter
[  0%] Built target _vrep_common_generate_messages_check_deps_simRosGetUISlider
[  0%] Built target _vrep_common_generate_messages_check_deps_simRosGetVisionSensorDepthBuffer
[  0%] Built target _vrep_common_generate_messages_check_deps_simRosGetStringSignal
[  0%] Built target _vrep_common_generate_messages_check_deps_simRosReadDistance
[  0%] Built target _vrep_common_generate_messages_check_deps_simRosPauseSimulation
[  0%] Built target _vrep_common_generate_messages_check_deps_simRosSetObjectPosition
[  0%] Built target _vrep_common_generate_messages_check_deps_simRosGetFloatingParameter
[  0%] Built target _vrep_common_generate_messages_check_deps_simRosSetJointPosition
[  0%] Built target _vrep_common_generate_messages_check_deps_simRosGetDialogResult
[  0%] Built target std_msgs_generate_messages_py
[  0%] Built target _vrep_common_generate_messages_check_deps_simRosAppendStringSignal
[  0%] Built target _vrep_common_generate_messages_check_deps_simRosSetJointTargetPosition
[  0%] Built target _vrep_common_generate_messages_check_deps_simRosGetObjectParent
[  0%] Built target _vrep_common_generate_messages_check_deps_simRosEraseFile
[  0%] Built target _vrep_common_generate_messages_check_deps_simRosGetLastErrors
[  0%] Built target _vrep_common_generate_messages_check_deps_simRosGetObjectPose
[  0%] Built target _vrep_common_generate_messages_check_deps_simRosReadCollision
[  0%] Built target _vrep_common_generate_messages_check_deps_simRosCloseScene
[  0%] Built target _vrep_common_generate_messages_check_deps_ProximitySensorData
[  0%] Built target _vrep_common_generate_messages_check_deps_simRosSetFloatingParameter
[  0%] Built target _vrep_common_generate_messages_check_deps_simRosSetIntegerSignal
[  0%] Built target _vrep_common_generate_messages_check_deps_simRosGetModelProperty
[  0%] Built target _vrep_common_generate_messages_check_deps_simRosSynchronousTrigger
[  0%] Built target _vrep_common_generate_messages_check_deps_VisionSensorDepthBuff
[  0%] Built target _vrep_common_generate_messages_check_deps_simRosSetObjectQuaternion
[  0%] Built target _vrep_common_generate_messages_check_deps_simRosSetFloatSignal
[  0%] Built target _vrep_common_generate_messages_check_deps_simRosReadForceSensor
[  0%] Built target _vrep_common_generate_messages_check_deps_ScriptFunctionCallData
[  0%] Built target _vrep_common_generate_messages_check_deps_simRosGetObjects
[  0%] Built target _vrep_common_generate_messages_check_deps_simRosSetObjectSelection
[  0%] Built target _vrep_common_generate_messages_check_deps_ObjectGroupData
[  0%] Built target _vrep_common_generate_messages_check_deps_VisionSensorData
[  0%] Built target _vrep_common_generate_messages_check_deps_simRosSetUIButtonLabel
[  0%] Built target _vrep_common_generate_messages_check_deps_simRosStopSimulation
[  0%] Built target _vrep_common_generate_messages_check_deps_simRosClearFloatSignal
[  0%] Built target _vrep_common_generate_messages_check_deps_simRosEnableSubscriber
[  0%] Built target _vrep_common_generate_messages_check_deps_simRosGetObjectChild
[  0%] Built target _vrep_common_generate_messages_check_deps_simRosAuxiliaryConsoleOpen
[  0%] Built target _vrep_common_generate_messages_check_deps_simRosReadProximitySensor
[  0%] Built target _vrep_common_generate_messages_check_deps_simRosBreakForceSensor
[  0%] Built target _vrep_common_generate_messages_check_deps_simRosAuxiliaryConsoleShow
[  0%] Built target _vrep_common_generate_messages_check_deps_simRosTransferFile
[  0%] Built target _vrep_common_generate_messages_check_deps_simRosEnablePublisher
[  0%] Built target _vrep_common_generate_messages_check_deps_simRosGetIntegerParameter
[  0%] Built target _vrep_common_generate_messages_check_deps_simRosSetObjectFloatParameter
[  0%] Built target _vrep_common_generate_messages_check_deps_simRosSetJointForce
[  0%] Built target _vrep_common_generate_messages_check_deps_simRosCallScriptFunction
[  0%] Built target _vrep_common_generate_messages_check_deps_simRosGetDistanceHandle
[  0%] Built target _vrep_common_generate_messages_check_deps_simRosSetObjectIntParameter
[  0%] Built target _vrep_common_generate_messages_check_deps_simRosSetJointState
[  0%] Built target _vrep_common_generate_messages_check_deps_simRosRemoveUI
[  0%] Built target _vrep_common_generate_messages_check_deps_JointSetStateData
[  0%] Built target _vrep_common_generate_messages_check_deps_simRosSetJointTargetVelocity
[  0%] Built target _vrep_common_generate_messages_check_deps_simRosRemoveModel
[  0%] Built target _vrep_common_generate_messages_check_deps_simRosDisablePublisher
[  0%] Built target _vrep_common_generate_messages_check_deps_simRosGetUIButtonProperty
[  0%] Built target _vrep_common_generate_messages_check_deps_simRosSynchronous
[  0%] Built target _vrep_common_generate_messages_check_deps_simRosEndDialog
[  0%] Built target _vrep_common_generate_messages_check_deps_simRosAuxiliaryConsoleClose
[  0%] Built target _vrep_common_generate_messages_check_deps_simRosReadVisionSensor
[  0%] Built target _vrep_common_generate_messages_check_deps_simRosCreateDummy
[  0%] Built target _vrep_common_generate_messages_check_deps_simRosSetStringSignal
[  0%] Built target _vrep_common_generate_messages_check_deps_simRosSetSphericalJointMatrix
[  0%] Built target sensor_msgs_generate_messages_py
[  0%] Built target _vrep_common_generate_messages_check_deps_simRosClearIntegerSignal
[  0%] Built target _vrep_common_generate_messages_check_deps_simRosGetBooleanParameter
[  0%] Built target _vrep_common_generate_messages_check_deps_simRosClearStringSignal
[  0%] Built target _vrep_common_generate_messages_check_deps_simRosStartSimulation
[  0%] Built target _vrep_common_generate_messages_check_deps_VrepInfo
[  0%] Built target _vrep_common_generate_messages_check_deps_simRosDisplayDialog
[  0%] Built target _vrep_common_generate_messages_check_deps_simRosSetBooleanParameter
[  0%] Built target _vrep_common_generate_messages_check_deps_simRosGetCollisionHandle
[  0%] Built target std_msgs_generate_messages_nodejs
[  0%] Built target sensor_msgs_generate_messages_nodejs
[  0%] Built target _vrep_common_generate_messages_check_deps_simRosLoadUI
[  0%] Built target sensor_msgs_generate_messages_lisp
[  0%] Built target std_msgs_generate_messages_lisp
[  0%] Built target std_msgs_generate_messages_eus
[  0%] Built target std_msgs_generate_messages_cpp
[  0%] Built target sensor_msgs_generate_messages_eus
[  0%] Built target sensor_msgs_generate_messages_cpp
[ 21%] Built target vrep_common_generate_messages_py
[ 40%] Built target vrep_common_generate_messages_nodejs
[ 60%] Built target vrep_common_generate_messages_lisp
[ 80%] Built target vrep_common_generate_messages_cpp
[100%] Built target vrep_common_generate_messages_eus
[100%] Built target vrep_common_generate_messages
