Symlinking /home/zhang/catkin_ws/devel/share/roseus/ros/vrep_common/manifest.l
Symlinking /home/zhang/catkin_ws/devel/share/roseus/ros/vrep_common/srv/simRosSetObjectPosition.l
Symlinking /home/zhang/catkin_ws/devel/share/roseus/ros/vrep_common/srv/simRosGetObjectHandle.l
Symlinking /home/zhang/catkin_ws/devel/share/roseus/ros/vrep_common/srv/simRosGetDialogResult.l
Symlinking /home/zhang/catkin_ws/devel/share/roseus/ros/vrep_common/srv/simRosGetStringSignal.l
Symlinking /home/zhang/catkin_ws/devel/share/roseus/ros/vrep_common/srv/simRosBreakForceSensor.l
Symlinking /home/zhang/catkin_ws/devel/share/roseus/ros/vrep_common/srv/simRosReadVisionSensor.l
Symlinking /home/zhang/catkin_ws/devel/share/roseus/ros/vrep_common/srv/simRosSetIntegerParameter.l
Symlinking /home/zhang/catkin_ws/devel/share/roseus/ros/vrep_common/srv/simRosAppendStringSignal.l
Symlinking /home/zhang/catkin_ws/devel/share/roseus/ros/vrep_common/srv/simRosDisplayDialog.l
Symlinking /home/zhang/catkin_ws/devel/share/roseus/ros/vrep_common/srv/simRosGetIntegerParameter.l
Symlinking /home/zhang/catkin_ws/devel/share/roseus/ros/vrep_common/srv/simRosAuxiliaryConsoleClose.l
Symlinking /home/zhang/catkin_ws/devel/share/roseus/ros/vrep_common/srv/simRosGetCollectionHandle.l
Symlinking /home/zhang/catkin_ws/devel/share/roseus/ros/vrep_common/srv/simRosSetUIButtonProperty.l
Symlinking /home/zhang/catkin_ws/devel/share/roseus/ros/vrep_common/srv/simRosEndDialog.l
Symlinking /home/zhang/catkin_ws/devel/share/roseus/ros/vrep_common/srv/simRosSetUISlider.l
Symlinking /home/zhang/catkin_ws/devel/share/roseus/ros/vrep_common/srv/simRosGetArrayParameter.l
Symlinking /home/zhang/catkin_ws/devel/share/roseus/ros/vrep_common/srv/simRosGetIntegerSignal.l
Symlinking /home/zhang/catkin_ws/devel/share/roseus/ros/vrep_common/srv/simRosStartSimulation.l
Symlinking /home/zhang/catkin_ws/devel/share/roseus/ros/vrep_common/srv/simRosGetJointMatrix.l
Symlinking /home/zhang/catkin_ws/devel/share/roseus/ros/vrep_common/srv/simRosGetObjectPose.l
Symlinking /home/zhang/catkin_ws/devel/share/roseus/ros/vrep_common/srv/simRosGetUIHandle.l
Symlinking /home/zhang/catkin_ws/devel/share/roseus/ros/vrep_common/srv/simRosAuxiliaryConsoleShow.l
Symlinking /home/zhang/catkin_ws/devel/share/roseus/ros/vrep_common/srv/simRosGetFloatingParameter.l
Symlinking /home/zhang/catkin_ws/devel/share/roseus/ros/vrep_common/srv/simRosGetDistanceHandle.l
Symlinking /home/zhang/catkin_ws/devel/share/roseus/ros/vrep_common/srv/simRosClearFloatSignal.l
Symlinking /home/zhang/catkin_ws/devel/share/roseus/ros/vrep_common/srv/simRosGetObjectGroupData.l
Symlinking /home/zhang/catkin_ws/devel/share/roseus/ros/vrep_common/srv/simRosEraseFile.l
Symlinking /home/zhang/catkin_ws/devel/share/roseus/ros/vrep_common/srv/simRosSynchronousTrigger.l
Symlinking /home/zhang/catkin_ws/devel/share/roseus/ros/vrep_common/srv/simRosRemoveObject.l
Symlinking /home/zhang/catkin_ws/devel/share/roseus/ros/vrep_common/srv/simRosReadCollision.l
Symlinking /home/zhang/catkin_ws/devel/share/roseus/ros/vrep_common/srv/simRosSetIntegerSignal.l
Symlinking /home/zhang/catkin_ws/devel/share/roseus/ros/vrep_common/srv/simRosReadDistance.l
Symlinking /home/zhang/catkin_ws/devel/share/roseus/ros/vrep_common/srv/simRosSetStringSignal.l
Symlinking /home/zhang/catkin_ws/devel/share/roseus/ros/vrep_common/srv/simRosGetObjectChild.l
Symlinking /home/zhang/catkin_ws/devel/share/roseus/ros/vrep_common/srv/simRosSynchronous.l
Symlinking /home/zhang/catkin_ws/devel/share/roseus/ros/vrep_common/srv/simRosGetBooleanParameter.l
Symlinking /home/zhang/catkin_ws/devel/share/roseus/ros/vrep_common/srv/simRosCreateDummy.l
Symlinking /home/zhang/catkin_ws/devel/share/roseus/ros/vrep_common/srv/simRosGetObjectParent.l
Symlinking /home/zhang/catkin_ws/devel/share/roseus/ros/vrep_common/srv/simRosClearIntegerSignal.l
Symlinking /home/zhang/catkin_ws/devel/share/roseus/ros/vrep_common/srv/simRosGetAndClearStringSignal.l
Symlinking /home/zhang/catkin_ws/devel/share/roseus/ros/vrep_common/srv/simRosGetCollisionHandle.l
Symlinking /home/zhang/catkin_ws/devel/share/roseus/ros/vrep_common/srv/simRosEnablePublisher.l
Symlinking /home/zhang/catkin_ws/devel/share/roseus/ros/vrep_common/srv/simRosSetJointForce.l
Symlinking /home/zhang/catkin_ws/devel/share/roseus/ros/vrep_common/srv/simRosGetVisionSensorDepthBuffer.l
Symlinking /home/zhang/catkin_ws/devel/share/roseus/ros/vrep_common/srv/simRosLoadUI.l
Symlinking /home/zhang/catkin_ws/devel/share/roseus/ros/vrep_common/srv/simRosAuxiliaryConsoleOpen.l
Symlinking /home/zhang/catkin_ws/devel/share/roseus/ros/vrep_common/srv/simRosSetFloatSignal.l
Symlinking /home/zhang/catkin_ws/devel/share/roseus/ros/vrep_common/srv/simRosSetObjectSelection.l
Symlinking /home/zhang/catkin_ws/devel/share/roseus/ros/vrep_common/srv/simRosGetObjectSelection.l
Symlinking /home/zhang/catkin_ws/devel/share/roseus/ros/vrep_common/srv/simRosGetInfo.l
Symlinking /home/zhang/catkin_ws/devel/share/roseus/ros/vrep_common/srv/simRosSetObjectParent.l
Symlinking /home/zhang/catkin_ws/devel/share/roseus/ros/vrep_common/srv/simRosCloseScene.l
Symlinking /home/zhang/catkin_ws/devel/share/roseus/ros/vrep_common/srv/simRosLoadScene.l
Symlinking /home/zhang/catkin_ws/devel/share/roseus/ros/vrep_common/srv/simRosReadForceSensor.l
Symlinking /home/zhang/catkin_ws/devel/share/roseus/ros/vrep_common/srv/simRosGetJointState.l
Symlinking /home/zhang/catkin_ws/devel/share/roseus/ros/vrep_common/srv/simRosSetJointState.l
Symlinking /home/zhang/catkin_ws/devel/share/roseus/ros/vrep_common/srv/simRosSetJointPosition.l
Symlinking /home/zhang/catkin_ws/devel/share/roseus/ros/vrep_common/srv/simRosDisableSubscriber.l
Symlinking /home/zhang/catkin_ws/devel/share/roseus/ros/vrep_common/srv/simRosDisablePublisher.l
Symlinking /home/zhang/catkin_ws/devel/share/roseus/ros/vrep_common/srv/simRosEnableSubscriber.l
Symlinking /home/zhang/catkin_ws/devel/share/roseus/ros/vrep_common/srv/simRosSetModelProperty.l
Symlinking /home/zhang/catkin_ws/devel/share/roseus/ros/vrep_common/srv/simRosSetObjectQuaternion.l
Symlinking /home/zhang/catkin_ws/devel/share/roseus/ros/vrep_common/srv/simRosLoadModel.l
Symlinking /home/zhang/catkin_ws/devel/share/roseus/ros/vrep_common/srv/simRosGetLastErrors.l
Symlinking /home/zhang/catkin_ws/devel/share/roseus/ros/vrep_common/srv/simRosSetObjectFloatParameter.l
Symlinking /home/zhang/catkin_ws/devel/share/roseus/ros/vrep_common/srv/simRosSetVisionSensorImage.l
Symlinking /home/zhang/catkin_ws/devel/share/roseus/ros/vrep_common/srv/simRosGetUISlider.l
Symlinking /home/zhang/catkin_ws/devel/share/roseus/ros/vrep_common/srv/simRosPauseSimulation.l
Symlinking /home/zhang/catkin_ws/devel/share/roseus/ros/vrep_common/srv/simRosGetUIButtonProperty.l
Symlinking /home/zhang/catkin_ws/devel/share/roseus/ros/vrep_common/srv/simRosGetUIEventButton.l
Symlinking /home/zhang/catkin_ws/devel/share/roseus/ros/vrep_common/srv/simRosSetJointTargetPosition.l
Symlinking /home/zhang/catkin_ws/devel/share/roseus/ros/vrep_common/srv/simRosSetBooleanParameter.l
Symlinking /home/zhang/catkin_ws/devel/share/roseus/ros/vrep_common/srv/simRosStopSimulation.l
Symlinking /home/zhang/catkin_ws/devel/share/roseus/ros/vrep_common/srv/simRosSetFloatingParameter.l
Symlinking /home/zhang/catkin_ws/devel/share/roseus/ros/vrep_common/srv/simRosGetFloatSignal.l
Symlinking /home/zhang/catkin_ws/devel/share/roseus/ros/vrep_common/srv/simRosGetObjectFloatParameter.l
Symlinking /home/zhang/catkin_ws/devel/share/roseus/ros/vrep_common/srv/simRosSetObjectPose.l
Symlinking /home/zhang/catkin_ws/devel/share/roseus/ros/vrep_common/srv/simRosGetObjectIntParameter.l
Symlinking /home/zhang/catkin_ws/devel/share/roseus/ros/vrep_common/srv/simRosSetJointTargetVelocity.l
Symlinking /home/zhang/catkin_ws/devel/share/roseus/ros/vrep_common/srv/simRosReadProximitySensor.l
Symlinking /home/zhang/catkin_ws/devel/share/roseus/ros/vrep_common/srv/simRosRemoveUI.l
Symlinking /home/zhang/catkin_ws/devel/share/roseus/ros/vrep_common/srv/simRosSetUIButtonLabel.l
Symlinking /home/zhang/catkin_ws/devel/share/roseus/ros/vrep_common/srv/simRosClearStringSignal.l
Symlinking /home/zhang/catkin_ws/devel/share/roseus/ros/vrep_common/srv/simRosCallScriptFunction.l
Symlinking /home/zhang/catkin_ws/devel/share/roseus/ros/vrep_common/srv/simRosTransferFile.l
Symlinking /home/zhang/catkin_ws/devel/share/roseus/ros/vrep_common/srv/simRosGetVisionSensorImage.l
Symlinking /home/zhang/catkin_ws/devel/share/roseus/ros/vrep_common/srv/simRosRemoveModel.l
Symlinking /home/zhang/catkin_ws/devel/share/roseus/ros/vrep_common/srv/simRosGetStringParameter.l
Symlinking /home/zhang/catkin_ws/devel/share/roseus/ros/vrep_common/srv/simRosAuxiliaryConsolePrint.l
Symlinking /home/zhang/catkin_ws/devel/share/roseus/ros/vrep_common/srv/simRosGetModelProperty.l
Symlinking /home/zhang/catkin_ws/devel/share/roseus/ros/vrep_common/srv/simRosSetObjectIntParameter.l
Symlinking /home/zhang/catkin_ws/devel/share/roseus/ros/vrep_common/srv/simRosSetArrayParameter.l
Symlinking /home/zhang/catkin_ws/devel/share/roseus/ros/vrep_common/srv/simRosSetSphericalJointMatrix.l
Symlinking /home/zhang/catkin_ws/devel/share/roseus/ros/vrep_common/srv/simRosCopyPasteObjects.l
Symlinking /home/zhang/catkin_ws/devel/share/roseus/ros/vrep_common/srv/simRosAddStatusbarMessage.l
Symlinking /home/zhang/catkin_ws/devel/share/roseus/ros/vrep_common/srv/simRosGetDialogInput.l
Symlinking /home/zhang/catkin_ws/devel/share/roseus/ros/vrep_common/srv/simRosGetObjects.l
Symlinking /home/zhang/catkin_ws/devel/share/roseus/ros/vrep_common/msg/VrepInfo.l
Symlinking /home/zhang/catkin_ws/devel/share/roseus/ros/vrep_common/msg/ScriptFunctionCallData.l
Symlinking /home/zhang/catkin_ws/devel/share/roseus/ros/vrep_common/msg/ProximitySensorData.l
Symlinking /home/zhang/catkin_ws/devel/share/roseus/ros/vrep_common/msg/ObjectGroupData.l
Symlinking /home/zhang/catkin_ws/devel/share/roseus/ros/vrep_common/msg/VisionSensorData.l
Symlinking /home/zhang/catkin_ws/devel/share/roseus/ros/vrep_common/msg/ForceSensorData.l
Symlinking /home/zhang/catkin_ws/devel/share/roseus/ros/vrep_common/msg/JointSetStateData.l
Symlinking /home/zhang/catkin_ws/devel/share/roseus/ros/vrep_common/msg/VisionSensorDepthBuff.l
Symlinking /home/zhang/catkin_ws/devel/share/vrep_common/cmake/vrep_common-msg-paths.cmake
Symlinking /home/zhang/catkin_ws/devel/share/vrep_common/cmake/vrep_commonConfig-version.cmake
Symlinking /home/zhang/catkin_ws/devel/share/vrep_common/cmake/vrep_commonConfig.cmake
Symlinking /home/zhang/catkin_ws/devel/share/vrep_common/cmake/vrep_common-msg-extras.cmake
Symlinking /home/zhang/catkin_ws/devel/share/common-lisp/ros/vrep_common/srv/simRosEndDialog.lisp
Symlinking /home/zhang/catkin_ws/devel/share/common-lisp/ros/vrep_common/srv/simRosGetObjectSelection.lisp
Symlinking /home/zhang/catkin_ws/devel/share/common-lisp/ros/vrep_common/srv/simRosRemoveModel.lisp
Symlinking /home/zhang/catkin_ws/devel/share/common-lisp/ros/vrep_common/srv/simRosReadProximitySensor.lisp
Symlinking /home/zhang/catkin_ws/devel/share/common-lisp/ros/vrep_common/srv/simRosClearFloatSignal.lisp
Symlinking /home/zhang/catkin_ws/devel/share/common-lisp/ros/vrep_common/srv/simRosGetObjectGroupData.lisp
Symlinking /home/zhang/catkin_ws/devel/share/common-lisp/ros/vrep_common/srv/simRosAuxiliaryConsolePrint.lisp
Symlinking /home/zhang/catkin_ws/devel/share/common-lisp/ros/vrep_common/srv/_package_simRosSetObjectPose.lisp
Symlinking /home/zhang/catkin_ws/devel/share/common-lisp/ros/vrep_common/srv/_package_simRosSetUISlider.lisp
Symlinking /home/zhang/catkin_ws/devel/share/common-lisp/ros/vrep_common/srv/_package_simRosGetObjectHandle.lisp
Symlinking /home/zhang/catkin_ws/devel/share/common-lisp/ros/vrep_common/srv/_package_simRosSetIntegerParameter.lisp
Symlinking /home/zhang/catkin_ws/devel/share/common-lisp/ros/vrep_common/srv/_package_simRosSynchronousTrigger.lisp
Symlinking /home/zhang/catkin_ws/devel/share/common-lisp/ros/vrep_common/srv/_package_simRosAuxiliaryConsoleShow.lisp
Symlinking /home/zhang/catkin_ws/devel/share/common-lisp/ros/vrep_common/srv/_package_simRosLoadUI.lisp
Symlinking /home/zhang/catkin_ws/devel/share/common-lisp/ros/vrep_common/srv/_package_simRosSetUIButtonProperty.lisp
Symlinking /home/zhang/catkin_ws/devel/share/common-lisp/ros/vrep_common/srv/simRosGetObjectIntParameter.lisp
Symlinking /home/zhang/catkin_ws/devel/share/common-lisp/ros/vrep_common/srv/_package_simRosGetDialogResult.lisp
Symlinking /home/zhang/catkin_ws/devel/share/common-lisp/ros/vrep_common/srv/_package_simRosGetUIButtonProperty.lisp
Symlinking /home/zhang/catkin_ws/devel/share/common-lisp/ros/vrep_common/srv/_package_simRosSetIntegerSignal.lisp
Symlinking /home/zhang/catkin_ws/devel/share/common-lisp/ros/vrep_common/srv/simRosAuxiliaryConsoleOpen.lisp
Symlinking /home/zhang/catkin_ws/devel/share/common-lisp/ros/vrep_common/srv/_package_simRosGetObjectPose.lisp
Symlinking /home/zhang/catkin_ws/devel/share/common-lisp/ros/vrep_common/srv/simRosStopSimulation.lisp
Symlinking /home/zhang/catkin_ws/devel/share/common-lisp/ros/vrep_common/srv/_package_simRosSetModelProperty.lisp
Symlinking /home/zhang/catkin_ws/devel/share/common-lisp/ros/vrep_common/srv/_package_simRosGetVisionSensorImage.lisp
Symlinking /home/zhang/catkin_ws/devel/share/common-lisp/ros/vrep_common/srv/_package_simRosLoadScene.lisp
Symlinking /home/zhang/catkin_ws/devel/share/common-lisp/ros/vrep_common/srv/_package_simRosGetUIHandle.lisp
Symlinking /home/zhang/catkin_ws/devel/share/common-lisp/ros/vrep_common/srv/simRosGetStringSignal.lisp
Symlinking /home/zhang/catkin_ws/devel/share/common-lisp/ros/vrep_common/srv/_package_simRosReadProximitySensor.lisp
Symlinking /home/zhang/catkin_ws/devel/share/common-lisp/ros/vrep_common/srv/_package_simRosReadDistance.lisp
Symlinking /home/zhang/catkin_ws/devel/share/common-lisp/ros/vrep_common/srv/_package_simRosBreakForceSensor.lisp
Symlinking /home/zhang/catkin_ws/devel/share/common-lisp/ros/vrep_common/srv/simRosSetModelProperty.lisp
Symlinking /home/zhang/catkin_ws/devel/share/common-lisp/ros/vrep_common/srv/_package_simRosGetJointState.lisp
Symlinking /home/zhang/catkin_ws/devel/share/common-lisp/ros/vrep_common/srv/_package_simRosSetJointTargetVelocity.lisp
Symlinking /home/zhang/catkin_ws/devel/share/common-lisp/ros/vrep_common/srv/simRosSetJointState.lisp
Symlinking /home/zhang/catkin_ws/devel/share/common-lisp/ros/vrep_common/srv/_package_simRosCloseScene.lisp
Symlinking /home/zhang/catkin_ws/devel/share/common-lisp/ros/vrep_common/srv/_package_simRosAppendStringSignal.lisp
Symlinking /home/zhang/catkin_ws/devel/share/common-lisp/ros/vrep_common/srv/_package_simRosSetArrayParameter.lisp
Symlinking /home/zhang/catkin_ws/devel/share/common-lisp/ros/vrep_common/srv/simRosEnableSubscriber.lisp
Symlinking /home/zhang/catkin_ws/devel/share/common-lisp/ros/vrep_common/srv/_package_simRosGetObjects.lisp
Symlinking /home/zhang/catkin_ws/devel/share/common-lisp/ros/vrep_common/srv/_package_simRosGetUISlider.lisp
Symlinking /home/zhang/catkin_ws/devel/share/common-lisp/ros/vrep_common/srv/simRosAuxiliaryConsoleClose.lisp
Symlinking /home/zhang/catkin_ws/devel/share/common-lisp/ros/vrep_common/srv/simRosReadForceSensor.lisp
Symlinking /home/zhang/catkin_ws/devel/share/common-lisp/ros/vrep_common/srv/simRosGetIntegerSignal.lisp
Symlinking /home/zhang/catkin_ws/devel/share/common-lisp/ros/vrep_common/srv/simRosSynchronousTrigger.lisp
Symlinking /home/zhang/catkin_ws/devel/share/common-lisp/ros/vrep_common/srv/simRosLoadUI.lisp
Symlinking /home/zhang/catkin_ws/devel/share/common-lisp/ros/vrep_common/srv/_package_simRosGetUIEventButton.lisp
Symlinking /home/zhang/catkin_ws/devel/share/common-lisp/ros/vrep_common/srv/_package_simRosSetObjectPosition.lisp
Symlinking /home/zhang/catkin_ws/devel/share/common-lisp/ros/vrep_common/srv/simRosGetObjectParent.lisp
Symlinking /home/zhang/catkin_ws/devel/share/common-lisp/ros/vrep_common/srv/_package_simRosSetFloatingParameter.lisp
Symlinking /home/zhang/catkin_ws/devel/share/common-lisp/ros/vrep_common/srv/_package_simRosGetIntegerParameter.lisp
Symlinking /home/zhang/catkin_ws/devel/share/common-lisp/ros/vrep_common/srv/_package_simRosSetUIButtonLabel.lisp
Symlinking /home/zhang/catkin_ws/devel/share/common-lisp/ros/vrep_common/srv/simRosGetObjects.lisp
Symlinking /home/zhang/catkin_ws/devel/share/common-lisp/ros/vrep_common/srv/simRosGetModelProperty.lisp
Symlinking /home/zhang/catkin_ws/devel/share/common-lisp/ros/vrep_common/srv/simRosLoadScene.lisp
Symlinking /home/zhang/catkin_ws/devel/share/common-lisp/ros/vrep_common/srv/simRosSetBooleanParameter.lisp
Symlinking /home/zhang/catkin_ws/devel/share/common-lisp/ros/vrep_common/srv/simRosDisablePublisher.lisp
Symlinking /home/zhang/catkin_ws/devel/share/common-lisp/ros/vrep_common/srv/_package_simRosAddStatusbarMessage.lisp
Symlinking /home/zhang/catkin_ws/devel/share/common-lisp/ros/vrep_common/srv/_package_simRosGetCollectionHandle.lisp
Symlinking /home/zhang/catkin_ws/devel/share/common-lisp/ros/vrep_common/srv/simRosAppendStringSignal.lisp
Symlinking /home/zhang/catkin_ws/devel/share/common-lisp/ros/vrep_common/srv/simRosReadCollision.lisp
Symlinking /home/zhang/catkin_ws/devel/share/common-lisp/ros/vrep_common/srv/_package_simRosGetFloatingParameter.lisp
Symlinking /home/zhang/catkin_ws/devel/share/common-lisp/ros/vrep_common/srv/_package_simRosGetObjectIntParameter.lisp
Symlinking /home/zhang/catkin_ws/devel/share/common-lisp/ros/vrep_common/srv/simRosCreateDummy.lisp
Symlinking /home/zhang/catkin_ws/devel/share/common-lisp/ros/vrep_common/srv/_package_simRosGetBooleanParameter.lisp
Symlinking /home/zhang/catkin_ws/devel/share/common-lisp/ros/vrep_common/srv/_package_simRosClearIntegerSignal.lisp
Symlinking /home/zhang/catkin_ws/devel/share/common-lisp/ros/vrep_common/srv/simRosSetUIButtonProperty.lisp
Symlinking /home/zhang/catkin_ws/devel/share/common-lisp/ros/vrep_common/srv/_package_simRosEnableSubscriber.lisp
Symlinking /home/zhang/catkin_ws/devel/share/common-lisp/ros/vrep_common/srv/_package_simRosDisablePublisher.lisp
Symlinking /home/zhang/catkin_ws/devel/share/common-lisp/ros/vrep_common/srv/_package_simRosGetVisionSensorDepthBuffer.lisp
Symlinking /home/zhang/catkin_ws/devel/share/common-lisp/ros/vrep_common/srv/simRosClearIntegerSignal.lisp
Symlinking /home/zhang/catkin_ws/devel/share/common-lisp/ros/vrep_common/srv/simRosAddStatusbarMessage.lisp
Symlinking /home/zhang/catkin_ws/devel/share/common-lisp/ros/vrep_common/srv/_package_simRosSetObjectParent.lisp
Symlinking /home/zhang/catkin_ws/devel/share/common-lisp/ros/vrep_common/srv/_package_simRosSetFloatSignal.lisp
Symlinking /home/zhang/catkin_ws/devel/share/common-lisp/ros/vrep_common/srv/simRosEraseFile.lisp
Symlinking /home/zhang/catkin_ws/devel/share/common-lisp/ros/vrep_common/srv/simRosTransferFile.lisp
Symlinking /home/zhang/catkin_ws/devel/share/common-lisp/ros/vrep_common/srv/simRosEnablePublisher.lisp
Symlinking /home/zhang/catkin_ws/devel/share/common-lisp/ros/vrep_common/srv/_package_simRosAuxiliaryConsoleClose.lisp
Symlinking /home/zhang/catkin_ws/devel/share/common-lisp/ros/vrep_common/srv/simRosSetObjectPose.lisp
Symlinking /home/zhang/catkin_ws/devel/share/common-lisp/ros/vrep_common/srv/simRosGetDialogInput.lisp
Symlinking /home/zhang/catkin_ws/devel/share/common-lisp/ros/vrep_common/srv/simRosCopyPasteObjects.lisp
Symlinking /home/zhang/catkin_ws/devel/share/common-lisp/ros/vrep_common/srv/_package_simRosClearStringSignal.lisp
Symlinking /home/zhang/catkin_ws/devel/share/common-lisp/ros/vrep_common/srv/simRosDisableSubscriber.lisp
Symlinking /home/zhang/catkin_ws/devel/share/common-lisp/ros/vrep_common/srv/simRosSetJointTargetPosition.lisp
Symlinking /home/zhang/catkin_ws/devel/share/common-lisp/ros/vrep_common/srv/simRosGetVisionSensorImage.lisp
Symlinking /home/zhang/catkin_ws/devel/share/common-lisp/ros/vrep_common/srv/simRosGetInfo.lisp
Symlinking /home/zhang/catkin_ws/devel/share/common-lisp/ros/vrep_common/srv/_package_simRosReadVisionSensor.lisp
Symlinking /home/zhang/catkin_ws/devel/share/common-lisp/ros/vrep_common/srv/simRosGetUISlider.lisp
Symlinking /home/zhang/catkin_ws/devel/share/common-lisp/ros/vrep_common/srv/_package_simRosGetObjectFloatParameter.lisp
Symlinking /home/zhang/catkin_ws/devel/share/common-lisp/ros/vrep_common/srv/simRosSetObjectFloatParameter.lisp
Symlinking /home/zhang/catkin_ws/devel/share/common-lisp/ros/vrep_common/srv/_package_simRosSetObjectQuaternion.lisp
Symlinking /home/zhang/catkin_ws/devel/share/common-lisp/ros/vrep_common/srv/simRosClearStringSignal.lisp
Symlinking /home/zhang/catkin_ws/devel/share/common-lisp/ros/vrep_common/srv/simRosGetObjectChild.lisp
Symlinking /home/zhang/catkin_ws/devel/share/common-lisp/ros/vrep_common/srv/simRosSetObjectIntParameter.lisp
Symlinking /home/zhang/catkin_ws/devel/share/common-lisp/ros/vrep_common/srv/_package_simRosGetStringParameter.lisp
Symlinking /home/zhang/catkin_ws/devel/share/common-lisp/ros/vrep_common/srv/simRosGetJointState.lisp
Symlinking /home/zhang/catkin_ws/devel/share/common-lisp/ros/vrep_common/srv/simRosSetObjectPosition.lisp
Symlinking /home/zhang/catkin_ws/devel/share/common-lisp/ros/vrep_common/srv/_package_simRosReadCollision.lisp
Symlinking /home/zhang/catkin_ws/devel/share/common-lisp/ros/vrep_common/srv/_package_simRosAuxiliaryConsolePrint.lisp
Symlinking /home/zhang/catkin_ws/devel/share/common-lisp/ros/vrep_common/srv/_package_simRosGetIntegerSignal.lisp
Symlinking /home/zhang/catkin_ws/devel/share/common-lisp/ros/vrep_common/srv/_package_simRosCopyPasteObjects.lisp
Symlinking /home/zhang/catkin_ws/devel/share/common-lisp/ros/vrep_common/srv/_package_simRosReadForceSensor.lisp
Symlinking /home/zhang/catkin_ws/devel/share/common-lisp/ros/vrep_common/srv/simRosGetUIEventButton.lisp
Symlinking /home/zhang/catkin_ws/devel/share/common-lisp/ros/vrep_common/srv/simRosGetBooleanParameter.lisp
Symlinking /home/zhang/catkin_ws/devel/share/common-lisp/ros/vrep_common/srv/simRosGetDistanceHandle.lisp
Symlinking /home/zhang/catkin_ws/devel/share/common-lisp/ros/vrep_common/srv/_package_simRosGetJointMatrix.lisp
Symlinking /home/zhang/catkin_ws/devel/share/common-lisp/ros/vrep_common/srv/simRosSetFloatSignal.lisp
Symlinking /home/zhang/catkin_ws/devel/share/common-lisp/ros/vrep_common/srv/simRosSetVisionSensorImage.lisp
Symlinking /home/zhang/catkin_ws/devel/share/common-lisp/ros/vrep_common/srv/_package_simRosSetObjectSelection.lisp
Symlinking /home/zhang/catkin_ws/devel/share/common-lisp/ros/vrep_common/srv/vrep_common-srv.asd
Symlinking /home/zhang/catkin_ws/devel/share/common-lisp/ros/vrep_common/srv/_package_simRosSetJointTargetPosition.lisp
Symlinking /home/zhang/catkin_ws/devel/share/common-lisp/ros/vrep_common/srv/_package_simRosSetStringSignal.lisp
Symlinking /home/zhang/catkin_ws/devel/share/common-lisp/ros/vrep_common/srv/_package_simRosEndDialog.lisp
Symlinking /home/zhang/catkin_ws/devel/share/common-lisp/ros/vrep_common/srv/_package_simRosGetModelProperty.lisp
Symlinking /home/zhang/catkin_ws/devel/share/common-lisp/ros/vrep_common/srv/simRosGetCollectionHandle.lisp
Symlinking /home/zhang/catkin_ws/devel/share/common-lisp/ros/vrep_common/srv/simRosGetArrayParameter.lisp
Symlinking /home/zhang/catkin_ws/devel/share/common-lisp/ros/vrep_common/srv/_package_simRosSetObjectFloatParameter.lisp
Symlinking /home/zhang/catkin_ws/devel/share/common-lisp/ros/vrep_common/srv/simRosSetFloatingParameter.lisp
Symlinking /home/zhang/catkin_ws/devel/share/common-lisp/ros/vrep_common/srv/_package_simRosTransferFile.lisp
Symlinking /home/zhang/catkin_ws/devel/share/common-lisp/ros/vrep_common/srv/_package_simRosGetObjectChild.lisp
Symlinking /home/zhang/catkin_ws/devel/share/common-lisp/ros/vrep_common/srv/simRosSetObjectParent.lisp
Symlinking /home/zhang/catkin_ws/devel/share/common-lisp/ros/vrep_common/srv/simRosRemoveUI.lisp
Symlinking /home/zhang/catkin_ws/devel/share/common-lisp/ros/vrep_common/srv/_package_simRosSetObjectIntParameter.lisp
Symlinking /home/zhang/catkin_ws/devel/share/common-lisp/ros/vrep_common/srv/_package_simRosRemoveModel.lisp
Symlinking /home/zhang/catkin_ws/devel/share/common-lisp/ros/vrep_common/srv/_package_simRosSetSphericalJointMatrix.lisp
Symlinking /home/zhang/catkin_ws/devel/share/common-lisp/ros/vrep_common/srv/_package_simRosDisableSubscriber.lisp
Symlinking /home/zhang/catkin_ws/devel/share/common-lisp/ros/vrep_common/srv/simRosGetObjectHandle.lisp
Symlinking /home/zhang/catkin_ws/devel/share/common-lisp/ros/vrep_common/srv/simRosGetIntegerParameter.lisp
Symlinking /home/zhang/catkin_ws/devel/share/common-lisp/ros/vrep_common/srv/simRosStartSimulation.lisp
Symlinking /home/zhang/catkin_ws/devel/share/common-lisp/ros/vrep_common/srv/simRosSetIntegerSignal.lisp
Symlinking /home/zhang/catkin_ws/devel/share/common-lisp/ros/vrep_common/srv/_package_simRosEnablePublisher.lisp
Symlinking /home/zhang/catkin_ws/devel/share/common-lisp/ros/vrep_common/srv/_package_simRosSetJointState.lisp
Symlinking /home/zhang/catkin_ws/devel/share/common-lisp/ros/vrep_common/srv/_package_simRosRemoveUI.lisp
Symlinking /home/zhang/catkin_ws/devel/share/common-lisp/ros/vrep_common/srv/simRosSetJointTargetVelocity.lisp
Symlinking /home/zhang/catkin_ws/devel/share/common-lisp/ros/vrep_common/srv/simRosSetUIButtonLabel.lisp
Symlinking /home/zhang/catkin_ws/devel/share/common-lisp/ros/vrep_common/srv/simRosReadDistance.lisp
Symlinking /home/zhang/catkin_ws/devel/share/common-lisp/ros/vrep_common/srv/_package_simRosGetDialogInput.lisp
Symlinking /home/zhang/catkin_ws/devel/share/common-lisp/ros/vrep_common/srv/simRosGetStringParameter.lisp
Symlinking /home/zhang/catkin_ws/devel/share/common-lisp/ros/vrep_common/srv/_package_simRosPauseSimulation.lisp
Symlinking /home/zhang/catkin_ws/devel/share/common-lisp/ros/vrep_common/srv/_package_simRosSynchronous.lisp
Symlinking /home/zhang/catkin_ws/devel/share/common-lisp/ros/vrep_common/srv/simRosGetJointMatrix.lisp
Symlinking /home/zhang/catkin_ws/devel/share/common-lisp/ros/vrep_common/srv/simRosGetFloatSignal.lisp
Symlinking /home/zhang/catkin_ws/devel/share/common-lisp/ros/vrep_common/srv/simRosRemoveObject.lisp
Symlinking /home/zhang/catkin_ws/devel/share/common-lisp/ros/vrep_common/srv/simRosSetJointPosition.lisp
Symlinking /home/zhang/catkin_ws/devel/share/common-lisp/ros/vrep_common/srv/simRosSetJointForce.lisp
Symlinking /home/zhang/catkin_ws/devel/share/common-lisp/ros/vrep_common/srv/simRosGetFloatingParameter.lisp
Symlinking /home/zhang/catkin_ws/devel/share/common-lisp/ros/vrep_common/srv/_package_simRosSetBooleanParameter.lisp
Symlinking /home/zhang/catkin_ws/devel/share/common-lisp/ros/vrep_common/srv/_package_simRosGetFloatSignal.lisp
Symlinking /home/zhang/catkin_ws/devel/share/common-lisp/ros/vrep_common/srv/_package_simRosGetLastErrors.lisp
Symlinking /home/zhang/catkin_ws/devel/share/common-lisp/ros/vrep_common/srv/simRosLoadModel.lisp
Symlinking /home/zhang/catkin_ws/devel/share/common-lisp/ros/vrep_common/srv/simRosGetObjectPose.lisp
Symlinking /home/zhang/catkin_ws/devel/share/common-lisp/ros/vrep_common/srv/simRosGetUIButtonProperty.lisp
Symlinking /home/zhang/catkin_ws/devel/share/common-lisp/ros/vrep_common/srv/simRosGetLastErrors.lisp
Symlinking /home/zhang/catkin_ws/devel/share/common-lisp/ros/vrep_common/srv/_package_simRosCallScriptFunction.lisp
Symlinking /home/zhang/catkin_ws/devel/share/common-lisp/ros/vrep_common/srv/simRosSetStringSignal.lisp
Symlinking /home/zhang/catkin_ws/devel/share/common-lisp/ros/vrep_common/srv/simRosReadVisionSensor.lisp
Symlinking /home/zhang/catkin_ws/devel/share/common-lisp/ros/vrep_common/srv/_package_simRosGetInfo.lisp
Symlinking /home/zhang/catkin_ws/devel/share/common-lisp/ros/vrep_common/srv/_package_simRosGetObjectGroupData.lisp
Symlinking /home/zhang/catkin_ws/devel/share/common-lisp/ros/vrep_common/srv/_package_simRosSetVisionSensorImage.lisp
Symlinking /home/zhang/catkin_ws/devel/share/common-lisp/ros/vrep_common/srv/simRosSetArrayParameter.lisp
Symlinking /home/zhang/catkin_ws/devel/share/common-lisp/ros/vrep_common/srv/simRosGetObjectFloatParameter.lisp
Symlinking /home/zhang/catkin_ws/devel/share/common-lisp/ros/vrep_common/srv/_package_simRosGetCollisionHandle.lisp
Symlinking /home/zhang/catkin_ws/devel/share/common-lisp/ros/vrep_common/srv/simRosSetSphericalJointMatrix.lisp
Symlinking /home/zhang/catkin_ws/devel/share/common-lisp/ros/vrep_common/srv/_package_simRosRemoveObject.lisp
Symlinking /home/zhang/catkin_ws/devel/share/common-lisp/ros/vrep_common/srv/_package_simRosGetObjectParent.lisp
Symlinking /home/zhang/catkin_ws/devel/share/common-lisp/ros/vrep_common/srv/_package_simRosGetArrayParameter.lisp
Symlinking /home/zhang/catkin_ws/devel/share/common-lisp/ros/vrep_common/srv/_package_simRosDisplayDialog.lisp
Symlinking /home/zhang/catkin_ws/devel/share/common-lisp/ros/vrep_common/srv/simRosGetVisionSensorDepthBuffer.lisp
Symlinking /home/zhang/catkin_ws/devel/share/common-lisp/ros/vrep_common/srv/simRosSetUISlider.lisp
Symlinking /home/zhang/catkin_ws/devel/share/common-lisp/ros/vrep_common/srv/_package_simRosEraseFile.lisp
Symlinking /home/zhang/catkin_ws/devel/share/common-lisp/ros/vrep_common/srv/_package.lisp
Symlinking /home/zhang/catkin_ws/devel/share/common-lisp/ros/vrep_common/srv/simRosAuxiliaryConsoleShow.lisp
Symlinking /home/zhang/catkin_ws/devel/share/common-lisp/ros/vrep_common/srv/_package_simRosGetObjectSelection.lisp
Symlinking /home/zhang/catkin_ws/devel/share/common-lisp/ros/vrep_common/srv/_package_simRosCreateDummy.lisp
Symlinking /home/zhang/catkin_ws/devel/share/common-lisp/ros/vrep_common/srv/_package_simRosStopSimulation.lisp
Symlinking /home/zhang/catkin_ws/devel/share/common-lisp/ros/vrep_common/srv/simRosCallScriptFunction.lisp
Symlinking /home/zhang/catkin_ws/devel/share/common-lisp/ros/vrep_common/srv/_package_simRosSetJointForce.lisp
Symlinking /home/zhang/catkin_ws/devel/share/common-lisp/ros/vrep_common/srv/simRosSetIntegerParameter.lisp
Symlinking /home/zhang/catkin_ws/devel/share/common-lisp/ros/vrep_common/srv/simRosGetCollisionHandle.lisp
Symlinking /home/zhang/catkin_ws/devel/share/common-lisp/ros/vrep_common/srv/_package_simRosStartSimulation.lisp
Symlinking /home/zhang/catkin_ws/devel/share/common-lisp/ros/vrep_common/srv/simRosGetDialogResult.lisp
Symlinking /home/zhang/catkin_ws/devel/share/common-lisp/ros/vrep_common/srv/_package_simRosGetDistanceHandle.lisp
Symlinking /home/zhang/catkin_ws/devel/share/common-lisp/ros/vrep_common/srv/simRosCloseScene.lisp
Symlinking /home/zhang/catkin_ws/devel/share/common-lisp/ros/vrep_common/srv/_package_simRosGetStringSignal.lisp
Symlinking /home/zhang/catkin_ws/devel/share/common-lisp/ros/vrep_common/srv/simRosSetObjectSelection.lisp
Symlinking /home/zhang/catkin_ws/devel/share/common-lisp/ros/vrep_common/srv/_package_simRosLoadModel.lisp
Symlinking /home/zhang/catkin_ws/devel/share/common-lisp/ros/vrep_common/srv/_package_simRosGetAndClearStringSignal.lisp
Symlinking /home/zhang/catkin_ws/devel/share/common-lisp/ros/vrep_common/srv/simRosSetObjectQuaternion.lisp
Symlinking /home/zhang/catkin_ws/devel/share/common-lisp/ros/vrep_common/srv/simRosPauseSimulation.lisp
Symlinking /home/zhang/catkin_ws/devel/share/common-lisp/ros/vrep_common/srv/_package_simRosSetJointPosition.lisp
Symlinking /home/zhang/catkin_ws/devel/share/common-lisp/ros/vrep_common/srv/simRosGetAndClearStringSignal.lisp
Symlinking /home/zhang/catkin_ws/devel/share/common-lisp/ros/vrep_common/srv/simRosSynchronous.lisp
Symlinking /home/zhang/catkin_ws/devel/share/common-lisp/ros/vrep_common/srv/_package_simRosAuxiliaryConsoleOpen.lisp
Symlinking /home/zhang/catkin_ws/devel/share/common-lisp/ros/vrep_common/srv/simRosBreakForceSensor.lisp
Symlinking /home/zhang/catkin_ws/devel/share/common-lisp/ros/vrep_common/srv/_package_simRosClearFloatSignal.lisp
Symlinking /home/zhang/catkin_ws/devel/share/common-lisp/ros/vrep_common/srv/simRosGetUIHandle.lisp
Symlinking /home/zhang/catkin_ws/devel/share/common-lisp/ros/vrep_common/srv/simRosDisplayDialog.lisp
Symlinking /home/zhang/catkin_ws/devel/share/common-lisp/ros/vrep_common/msg/_package_VisionSensorData.lisp
Symlinking /home/zhang/catkin_ws/devel/share/common-lisp/ros/vrep_common/msg/ObjectGroupData.lisp
Symlinking /home/zhang/catkin_ws/devel/share/common-lisp/ros/vrep_common/msg/_package_VisionSensorDepthBuff.lisp
Symlinking /home/zhang/catkin_ws/devel/share/common-lisp/ros/vrep_common/msg/VrepInfo.lisp
Symlinking /home/zhang/catkin_ws/devel/share/common-lisp/ros/vrep_common/msg/VisionSensorData.lisp
Symlinking /home/zhang/catkin_ws/devel/share/common-lisp/ros/vrep_common/msg/vrep_common-msg.asd
Symlinking /home/zhang/catkin_ws/devel/share/common-lisp/ros/vrep_common/msg/_package_VrepInfo.lisp
Symlinking /home/zhang/catkin_ws/devel/share/common-lisp/ros/vrep_common/msg/ProximitySensorData.lisp
Symlinking /home/zhang/catkin_ws/devel/share/common-lisp/ros/vrep_common/msg/VisionSensorDepthBuff.lisp
Symlinking /home/zhang/catkin_ws/devel/share/common-lisp/ros/vrep_common/msg/JointSetStateData.lisp
Symlinking /home/zhang/catkin_ws/devel/share/common-lisp/ros/vrep_common/msg/ForceSensorData.lisp
Symlinking /home/zhang/catkin_ws/devel/share/common-lisp/ros/vrep_common/msg/ScriptFunctionCallData.lisp
Symlinking /home/zhang/catkin_ws/devel/share/common-lisp/ros/vrep_common/msg/_package_ProximitySensorData.lisp
Symlinking /home/zhang/catkin_ws/devel/share/common-lisp/ros/vrep_common/msg/_package_ObjectGroupData.lisp
Symlinking /home/zhang/catkin_ws/devel/share/common-lisp/ros/vrep_common/msg/_package_JointSetStateData.lisp
Symlinking /home/zhang/catkin_ws/devel/share/common-lisp/ros/vrep_common/msg/_package_ForceSensorData.lisp
Symlinking /home/zhang/catkin_ws/devel/share/common-lisp/ros/vrep_common/msg/_package_ScriptFunctionCallData.lisp
Symlinking /home/zhang/catkin_ws/devel/share/common-lisp/ros/vrep_common/msg/_package.lisp
Symlinking /home/zhang/catkin_ws/devel/share/gennodejs/ros/vrep_common/find.js
Symlinking /home/zhang/catkin_ws/devel/share/gennodejs/ros/vrep_common/base_deserialize.js
Symlinking /home/zhang/catkin_ws/devel/share/gennodejs/ros/vrep_common/_index.js
Symlinking /home/zhang/catkin_ws/devel/share/gennodejs/ros/vrep_common/base_serialize.js
Symlinking /home/zhang/catkin_ws/devel/share/gennodejs/ros/vrep_common/srv/simRosGetObjectPose.js
Symlinking /home/zhang/catkin_ws/devel/share/gennodejs/ros/vrep_common/srv/simRosDisablePublisher.js
Symlinking /home/zhang/catkin_ws/devel/share/gennodejs/ros/vrep_common/srv/simRosGetVisionSensorDepthBuffer.js
Symlinking /home/zhang/catkin_ws/devel/share/gennodejs/ros/vrep_common/srv/simRosClearIntegerSignal.js
Symlinking /home/zhang/catkin_ws/devel/share/gennodejs/ros/vrep_common/srv/simRosPauseSimulation.js
Symlinking /home/zhang/catkin_ws/devel/share/gennodejs/ros/vrep_common/srv/simRosStopSimulation.js
Symlinking /home/zhang/catkin_ws/devel/share/gennodejs/ros/vrep_common/srv/simRosStartSimulation.js
Symlinking /home/zhang/catkin_ws/devel/share/gennodejs/ros/vrep_common/srv/simRosGetObjectParent.js
Symlinking /home/zhang/catkin_ws/devel/share/gennodejs/ros/vrep_common/srv/simRosGetModelProperty.js
Symlinking /home/zhang/catkin_ws/devel/share/gennodejs/ros/vrep_common/srv/simRosSetObjectFloatParameter.js
Symlinking /home/zhang/catkin_ws/devel/share/gennodejs/ros/vrep_common/srv/simRosGetVisionSensorImage.js
Symlinking /home/zhang/catkin_ws/devel/share/gennodejs/ros/vrep_common/srv/simRosSetJointPosition.js
Symlinking /home/zhang/catkin_ws/devel/share/gennodejs/ros/vrep_common/srv/simRosGetDialogInput.js
Symlinking /home/zhang/catkin_ws/devel/share/gennodejs/ros/vrep_common/srv/simRosGetFloatSignal.js
Symlinking /home/zhang/catkin_ws/devel/share/gennodejs/ros/vrep_common/srv/simRosGetUISlider.js
Symlinking /home/zhang/catkin_ws/devel/share/gennodejs/ros/vrep_common/srv/simRosGetJointState.js
Symlinking /home/zhang/catkin_ws/devel/share/gennodejs/ros/vrep_common/srv/simRosSetStringSignal.js
Symlinking /home/zhang/catkin_ws/devel/share/gennodejs/ros/vrep_common/srv/simRosGetObjectChild.js
Symlinking /home/zhang/catkin_ws/devel/share/gennodejs/ros/vrep_common/srv/simRosGetAndClearStringSignal.js
Symlinking /home/zhang/catkin_ws/devel/share/gennodejs/ros/vrep_common/srv/simRosAppendStringSignal.js
Symlinking /home/zhang/catkin_ws/devel/share/gennodejs/ros/vrep_common/srv/simRosClearFloatSignal.js
Symlinking /home/zhang/catkin_ws/devel/share/gennodejs/ros/vrep_common/srv/simRosSetJointForce.js
Symlinking /home/zhang/catkin_ws/devel/share/gennodejs/ros/vrep_common/srv/simRosAuxiliaryConsoleShow.js
Symlinking /home/zhang/catkin_ws/devel/share/gennodejs/ros/vrep_common/srv/simRosSetObjectIntParameter.js
Symlinking /home/zhang/catkin_ws/devel/share/gennodejs/ros/vrep_common/srv/simRosSetObjectQuaternion.js
Symlinking /home/zhang/catkin_ws/devel/share/gennodejs/ros/vrep_common/srv/simRosDisableSubscriber.js
Symlinking /home/zhang/catkin_ws/devel/share/gennodejs/ros/vrep_common/srv/simRosSetModelProperty.js
Symlinking /home/zhang/catkin_ws/devel/share/gennodejs/ros/vrep_common/srv/simRosSetObjectSelection.js
Symlinking /home/zhang/catkin_ws/devel/share/gennodejs/ros/vrep_common/srv/simRosAuxiliaryConsolePrint.js
Symlinking /home/zhang/catkin_ws/devel/share/gennodejs/ros/vrep_common/srv/simRosClearStringSignal.js
Symlinking /home/zhang/catkin_ws/devel/share/gennodejs/ros/vrep_common/srv/simRosEraseFile.js
Symlinking /home/zhang/catkin_ws/devel/share/gennodejs/ros/vrep_common/srv/simRosSetObjectPosition.js
Symlinking /home/zhang/catkin_ws/devel/share/gennodejs/ros/vrep_common/srv/simRosGetUIEventButton.js
Symlinking /home/zhang/catkin_ws/devel/share/gennodejs/ros/vrep_common/srv/simRosGetDialogResult.js
Symlinking /home/zhang/catkin_ws/devel/share/gennodejs/ros/vrep_common/srv/simRosGetJointMatrix.js
Symlinking /home/zhang/catkin_ws/devel/share/gennodejs/ros/vrep_common/srv/simRosReadVisionSensor.js
Symlinking /home/zhang/catkin_ws/devel/share/gennodejs/ros/vrep_common/srv/simRosReadDistance.js
Symlinking /home/zhang/catkin_ws/devel/share/gennodejs/ros/vrep_common/srv/simRosRemoveUI.js
Symlinking /home/zhang/catkin_ws/devel/share/gennodejs/ros/vrep_common/srv/simRosGetLastErrors.js
Symlinking /home/zhang/catkin_ws/devel/share/gennodejs/ros/vrep_common/srv/simRosRemoveModel.js
Symlinking /home/zhang/catkin_ws/devel/share/gennodejs/ros/vrep_common/srv/simRosGetObjectHandle.js
Symlinking /home/zhang/catkin_ws/devel/share/gennodejs/ros/vrep_common/srv/simRosGetArrayParameter.js
Symlinking /home/zhang/catkin_ws/devel/share/gennodejs/ros/vrep_common/srv/_index.js
Symlinking /home/zhang/catkin_ws/devel/share/gennodejs/ros/vrep_common/srv/simRosSetJointTargetVelocity.js
Symlinking /home/zhang/catkin_ws/devel/share/gennodejs/ros/vrep_common/srv/simRosGetDistanceHandle.js
Symlinking /home/zhang/catkin_ws/devel/share/gennodejs/ros/vrep_common/srv/simRosGetObjectSelection.js
Symlinking /home/zhang/catkin_ws/devel/share/gennodejs/ros/vrep_common/srv/simRosLoadModel.js
Symlinking /home/zhang/catkin_ws/devel/share/gennodejs/ros/vrep_common/srv/simRosReadForceSensor.js
Symlinking /home/zhang/catkin_ws/devel/share/gennodejs/ros/vrep_common/srv/simRosSetJointState.js
Symlinking /home/zhang/catkin_ws/devel/share/gennodejs/ros/vrep_common/srv/simRosSetUISlider.js
Symlinking /home/zhang/catkin_ws/devel/share/gennodejs/ros/vrep_common/srv/simRosReadCollision.js
Symlinking /home/zhang/catkin_ws/devel/share/gennodejs/ros/vrep_common/srv/simRosSetBooleanParameter.js
Symlinking /home/zhang/catkin_ws/devel/share/gennodejs/ros/vrep_common/srv/simRosBreakForceSensor.js
Symlinking /home/zhang/catkin_ws/devel/share/gennodejs/ros/vrep_common/srv/simRosGetCollectionHandle.js
Symlinking /home/zhang/catkin_ws/devel/share/gennodejs/ros/vrep_common/srv/simRosGetInfo.js
Symlinking /home/zhang/catkin_ws/devel/share/gennodejs/ros/vrep_common/srv/simRosEndDialog.js
Symlinking /home/zhang/catkin_ws/devel/share/gennodejs/ros/vrep_common/srv/simRosSetArrayParameter.js
Symlinking /home/zhang/catkin_ws/devel/share/gennodejs/ros/vrep_common/srv/simRosGetUIButtonProperty.js
Symlinking /home/zhang/catkin_ws/devel/share/gennodejs/ros/vrep_common/srv/simRosGetStringSignal.js
Symlinking /home/zhang/catkin_ws/devel/share/gennodejs/ros/vrep_common/srv/simRosSetFloatingParameter.js
Symlinking /home/zhang/catkin_ws/devel/share/gennodejs/ros/vrep_common/srv/simRosLoadUI.js
Symlinking /home/zhang/catkin_ws/devel/share/gennodejs/ros/vrep_common/srv/simRosDisplayDialog.js
Symlinking /home/zhang/catkin_ws/devel/share/gennodejs/ros/vrep_common/srv/simRosAuxiliaryConsoleClose.js
Symlinking /home/zhang/catkin_ws/devel/share/gennodejs/ros/vrep_common/srv/simRosGetObjectIntParameter.js
Symlinking /home/zhang/catkin_ws/devel/share/gennodejs/ros/vrep_common/srv/simRosGetIntegerParameter.js
Symlinking /home/zhang/catkin_ws/devel/share/gennodejs/ros/vrep_common/srv/simRosGetUIHandle.js
Symlinking /home/zhang/catkin_ws/devel/share/gennodejs/ros/vrep_common/srv/simRosGetObjectGroupData.js
Symlinking /home/zhang/catkin_ws/devel/share/gennodejs/ros/vrep_common/srv/simRosTransferFile.js
Symlinking /home/zhang/catkin_ws/devel/share/gennodejs/ros/vrep_common/srv/simRosSetSphericalJointMatrix.js
Symlinking /home/zhang/catkin_ws/devel/share/gennodejs/ros/vrep_common/srv/simRosSetJointTargetPosition.js
Symlinking /home/zhang/catkin_ws/devel/share/gennodejs/ros/vrep_common/srv/simRosSynchronous.js
Symlinking /home/zhang/catkin_ws/devel/share/gennodejs/ros/vrep_common/srv/simRosSetFloatSignal.js
Symlinking /home/zhang/catkin_ws/devel/share/gennodejs/ros/vrep_common/srv/simRosGetBooleanParameter.js
Symlinking /home/zhang/catkin_ws/devel/share/gennodejs/ros/vrep_common/srv/simRosSetObjectParent.js
Symlinking /home/zhang/catkin_ws/devel/share/gennodejs/ros/vrep_common/srv/simRosSynchronousTrigger.js
Symlinking /home/zhang/catkin_ws/devel/share/gennodejs/ros/vrep_common/srv/simRosSetUIButtonLabel.js
Symlinking /home/zhang/catkin_ws/devel/share/gennodejs/ros/vrep_common/srv/simRosGetCollisionHandle.js
Symlinking /home/zhang/catkin_ws/devel/share/gennodejs/ros/vrep_common/srv/simRosGetObjectFloatParameter.js
Symlinking /home/zhang/catkin_ws/devel/share/gennodejs/ros/vrep_common/srv/simRosLoadScene.js
Symlinking /home/zhang/catkin_ws/devel/share/gennodejs/ros/vrep_common/srv/simRosGetIntegerSignal.js
Symlinking /home/zhang/catkin_ws/devel/share/gennodejs/ros/vrep_common/srv/simRosCallScriptFunction.js
Symlinking /home/zhang/catkin_ws/devel/share/gennodejs/ros/vrep_common/srv/simRosReadProximitySensor.js
Symlinking /home/zhang/catkin_ws/devel/share/gennodejs/ros/vrep_common/srv/simRosGetObjects.js
Symlinking /home/zhang/catkin_ws/devel/share/gennodejs/ros/vrep_common/srv/simRosRemoveObject.js
Symlinking /home/zhang/catkin_ws/devel/share/gennodejs/ros/vrep_common/srv/simRosGetFloatingParameter.js
Symlinking /home/zhang/catkin_ws/devel/share/gennodejs/ros/vrep_common/srv/simRosSetVisionSensorImage.js
Symlinking /home/zhang/catkin_ws/devel/share/gennodejs/ros/vrep_common/srv/simRosCopyPasteObjects.js
Symlinking /home/zhang/catkin_ws/devel/share/gennodejs/ros/vrep_common/srv/simRosSetObjectPose.js
Symlinking /home/zhang/catkin_ws/devel/share/gennodejs/ros/vrep_common/srv/simRosSetIntegerSignal.js
Symlinking /home/zhang/catkin_ws/devel/share/gennodejs/ros/vrep_common/srv/simRosAuxiliaryConsoleOpen.js
Symlinking /home/zhang/catkin_ws/devel/share/gennodejs/ros/vrep_common/srv/simRosSetIntegerParameter.js
Symlinking /home/zhang/catkin_ws/devel/share/gennodejs/ros/vrep_common/srv/simRosEnablePublisher.js
Symlinking /home/zhang/catkin_ws/devel/share/gennodejs/ros/vrep_common/srv/simRosCloseScene.js
Symlinking /home/zhang/catkin_ws/devel/share/gennodejs/ros/vrep_common/srv/simRosSetUIButtonProperty.js
Symlinking /home/zhang/catkin_ws/devel/share/gennodejs/ros/vrep_common/srv/simRosEnableSubscriber.js
Symlinking /home/zhang/catkin_ws/devel/share/gennodejs/ros/vrep_common/srv/simRosAddStatusbarMessage.js
Symlinking /home/zhang/catkin_ws/devel/share/gennodejs/ros/vrep_common/srv/simRosCreateDummy.js
Symlinking /home/zhang/catkin_ws/devel/share/gennodejs/ros/vrep_common/srv/simRosGetStringParameter.js
Symlinking /home/zhang/catkin_ws/devel/share/gennodejs/ros/vrep_common/msg/ForceSensorData.js
Symlinking /home/zhang/catkin_ws/devel/share/gennodejs/ros/vrep_common/msg/ProximitySensorData.js
Symlinking /home/zhang/catkin_ws/devel/share/gennodejs/ros/vrep_common/msg/ScriptFunctionCallData.js
Symlinking /home/zhang/catkin_ws/devel/share/gennodejs/ros/vrep_common/msg/_index.js
Symlinking /home/zhang/catkin_ws/devel/share/gennodejs/ros/vrep_common/msg/VisionSensorData.js
Symlinking /home/zhang/catkin_ws/devel/share/gennodejs/ros/vrep_common/msg/JointSetStateData.js
Symlinking /home/zhang/catkin_ws/devel/share/gennodejs/ros/vrep_common/msg/ObjectGroupData.js
Symlinking /home/zhang/catkin_ws/devel/share/gennodejs/ros/vrep_common/msg/VisionSensorDepthBuff.js
Symlinking /home/zhang/catkin_ws/devel/share/gennodejs/ros/vrep_common/msg/VrepInfo.js
Symlinking /home/zhang/catkin_ws/devel/include/vrep_common/simRosGetInfoRequest.h
Symlinking /home/zhang/catkin_ws/devel/include/vrep_common/simRosSetJointTargetVelocity.h
Symlinking /home/zhang/catkin_ws/devel/include/vrep_common/simRosGetStringParameterResponse.h
Symlinking /home/zhang/catkin_ws/devel/include/vrep_common/simRosGetDialogInput.h
Symlinking /home/zhang/catkin_ws/devel/include/vrep_common/simRosGetObjectFloatParameter.h
Symlinking /home/zhang/catkin_ws/devel/include/vrep_common/simRosReadDistance.h
Symlinking /home/zhang/catkin_ws/devel/include/vrep_common/simRosGetStringParameterRequest.h
Symlinking /home/zhang/catkin_ws/devel/include/vrep_common/simRosSetStringSignalResponse.h
Symlinking /home/zhang/catkin_ws/devel/include/vrep_common/simRosSetObjectPosition.h
Symlinking /home/zhang/catkin_ws/devel/include/vrep_common/simRosSynchronousTriggerResponse.h
Symlinking /home/zhang/catkin_ws/devel/include/vrep_common/simRosAuxiliaryConsoleOpenRequest.h
Symlinking /home/zhang/catkin_ws/devel/include/vrep_common/simRosReadCollision.h
Symlinking /home/zhang/catkin_ws/devel/include/vrep_common/simRosAddStatusbarMessage.h
Symlinking /home/zhang/catkin_ws/devel/include/vrep_common/simRosGetVisionSensorImage.h
Symlinking /home/zhang/catkin_ws/devel/include/vrep_common/simRosGetArrayParameterResponse.h
Symlinking /home/zhang/catkin_ws/devel/include/vrep_common/simRosCloseSceneRequest.h
Symlinking /home/zhang/catkin_ws/devel/include/vrep_common/simRosGetStringParameter.h
Symlinking /home/zhang/catkin_ws/devel/include/vrep_common/simRosGetFloatSignalRequest.h
Symlinking /home/zhang/catkin_ws/devel/include/vrep_common/simRosGetDialogResult.h
Symlinking /home/zhang/catkin_ws/devel/include/vrep_common/simRosCallScriptFunctionResponse.h
Symlinking /home/zhang/catkin_ws/devel/include/vrep_common/simRosRemoveUI.h
Symlinking /home/zhang/catkin_ws/devel/include/vrep_common/simRosReadDistanceResponse.h
Symlinking /home/zhang/catkin_ws/devel/include/vrep_common/simRosGetUIButtonPropertyRequest.h
Symlinking /home/zhang/catkin_ws/devel/include/vrep_common/simRosAuxiliaryConsoleShowResponse.h
Symlinking /home/zhang/catkin_ws/devel/include/vrep_common/simRosAuxiliaryConsolePrintRequest.h
Symlinking /home/zhang/catkin_ws/devel/include/vrep_common/simRosSynchronousTriggerRequest.h
Symlinking /home/zhang/catkin_ws/devel/include/vrep_common/simRosSynchronousResponse.h
Symlinking /home/zhang/catkin_ws/devel/include/vrep_common/simRosStartSimulation.h
Symlinking /home/zhang/catkin_ws/devel/include/vrep_common/simRosSetObjectPositionResponse.h
Symlinking /home/zhang/catkin_ws/devel/include/vrep_common/simRosGetAndClearStringSignalResponse.h
Symlinking /home/zhang/catkin_ws/devel/include/vrep_common/simRosSetObjectPoseResponse.h
Symlinking /home/zhang/catkin_ws/devel/include/vrep_common/simRosSetSphericalJointMatrix.h
Symlinking /home/zhang/catkin_ws/devel/include/vrep_common/simRosSetJointTargetVelocityRequest.h
Symlinking /home/zhang/catkin_ws/devel/include/vrep_common/simRosAuxiliaryConsoleCloseRequest.h
Symlinking /home/zhang/catkin_ws/devel/include/vrep_common/simRosRemoveModelResponse.h
Symlinking /home/zhang/catkin_ws/devel/include/vrep_common/simRosAuxiliaryConsolePrint.h
Symlinking /home/zhang/catkin_ws/devel/include/vrep_common/simRosGetFloatingParameterRequest.h
Symlinking /home/zhang/catkin_ws/devel/include/vrep_common/simRosGetIntegerParameterResponse.h
Symlinking /home/zhang/catkin_ws/devel/include/vrep_common/simRosStartSimulationResponse.h
Symlinking /home/zhang/catkin_ws/devel/include/vrep_common/simRosPauseSimulationRequest.h
Symlinking /home/zhang/catkin_ws/devel/include/vrep_common/simRosLoadSceneResponse.h
Symlinking /home/zhang/catkin_ws/devel/include/vrep_common/simRosTransferFileRequest.h
Symlinking /home/zhang/catkin_ws/devel/include/vrep_common/simRosDisplayDialogRequest.h
Symlinking /home/zhang/catkin_ws/devel/include/vrep_common/simRosDisableSubscriber.h
Symlinking /home/zhang/catkin_ws/devel/include/vrep_common/simRosGetDialogResultRequest.h
Symlinking /home/zhang/catkin_ws/devel/include/vrep_common/simRosGetFloatingParameter.h
Symlinking /home/zhang/catkin_ws/devel/include/vrep_common/simRosReadDistanceRequest.h
Symlinking /home/zhang/catkin_ws/devel/include/vrep_common/simRosBreakForceSensorRequest.h
Symlinking /home/zhang/catkin_ws/devel/include/vrep_common/simRosClearIntegerSignalRequest.h
Symlinking /home/zhang/catkin_ws/devel/include/vrep_common/simRosGetBooleanParameter.h
Symlinking /home/zhang/catkin_ws/devel/include/vrep_common/simRosGetObjectSelectionRequest.h
Symlinking /home/zhang/catkin_ws/devel/include/vrep_common/simRosGetModelPropertyResponse.h
Symlinking /home/zhang/catkin_ws/devel/include/vrep_common/simRosGetObjectsRequest.h
Symlinking /home/zhang/catkin_ws/devel/include/vrep_common/simRosGetFloatingParameterResponse.h
Symlinking /home/zhang/catkin_ws/devel/include/vrep_common/simRosSetJointPosition.h
Symlinking /home/zhang/catkin_ws/devel/include/vrep_common/simRosSynchronousRequest.h
Symlinking /home/zhang/catkin_ws/devel/include/vrep_common/simRosClearIntegerSignal.h
Symlinking /home/zhang/catkin_ws/devel/include/vrep_common/simRosSetStringSignal.h
Symlinking /home/zhang/catkin_ws/devel/include/vrep_common/simRosGetIntegerSignalRequest.h
Symlinking /home/zhang/catkin_ws/devel/include/vrep_common/simRosSetModelPropertyRequest.h
Symlinking /home/zhang/catkin_ws/devel/include/vrep_common/simRosSetObjectIntParameterRequest.h
Symlinking /home/zhang/catkin_ws/devel/include/vrep_common/simRosDisableSubscriberRequest.h
Symlinking /home/zhang/catkin_ws/devel/include/vrep_common/simRosLoadUI.h
Symlinking /home/zhang/catkin_ws/devel/include/vrep_common/simRosGetUISliderRequest.h
Symlinking /home/zhang/catkin_ws/devel/include/vrep_common/simRosGetJointStateRequest.h
Symlinking /home/zhang/catkin_ws/devel/include/vrep_common/simRosGetObjects.h
Symlinking /home/zhang/catkin_ws/devel/include/vrep_common/simRosGetObjectSelection.h
Symlinking /home/zhang/catkin_ws/devel/include/vrep_common/simRosGetObjectFloatParameterResponse.h
Symlinking /home/zhang/catkin_ws/devel/include/vrep_common/simRosGetInfo.h
Symlinking /home/zhang/catkin_ws/devel/include/vrep_common/simRosStopSimulation.h
Symlinking /home/zhang/catkin_ws/devel/include/vrep_common/simRosRemoveModelRequest.h
Symlinking /home/zhang/catkin_ws/devel/include/vrep_common/simRosSetObjectPositionRequest.h
Symlinking /home/zhang/catkin_ws/devel/include/vrep_common/simRosGetJointMatrix.h
Symlinking /home/zhang/catkin_ws/devel/include/vrep_common/simRosGetObjectPoseResponse.h
Symlinking /home/zhang/catkin_ws/devel/include/vrep_common/simRosGetDialogInputRequest.h
Symlinking /home/zhang/catkin_ws/devel/include/vrep_common/simRosRemoveUIRequest.h
Symlinking /home/zhang/catkin_ws/devel/include/vrep_common/simRosSetFloatSignalRequest.h
Symlinking /home/zhang/catkin_ws/devel/include/vrep_common/simRosAppendStringSignal.h
Symlinking /home/zhang/catkin_ws/devel/include/vrep_common/simRosEraseFile.h
Symlinking /home/zhang/catkin_ws/devel/include/vrep_common/simRosGetCollisionHandleRequest.h
Symlinking /home/zhang/catkin_ws/devel/include/vrep_common/simRosSetJointStateResponse.h
Symlinking /home/zhang/catkin_ws/devel/include/vrep_common/simRosGetUIHandle.h
Symlinking /home/zhang/catkin_ws/devel/include/vrep_common/simRosClearStringSignalResponse.h
Symlinking /home/zhang/catkin_ws/devel/include/vrep_common/simRosSetSphericalJointMatrixRequest.h
Symlinking /home/zhang/catkin_ws/devel/include/vrep_common/simRosSetObjectPose.h
Symlinking /home/zhang/catkin_ws/devel/include/vrep_common/simRosGetVisionSensorImageRequest.h
Symlinking /home/zhang/catkin_ws/devel/include/vrep_common/simRosCallScriptFunction.h
Symlinking /home/zhang/catkin_ws/devel/include/vrep_common/simRosGetVisionSensorDepthBufferResponse.h
Symlinking /home/zhang/catkin_ws/devel/include/vrep_common/simRosGetUIHandleRequest.h
Symlinking /home/zhang/catkin_ws/devel/include/vrep_common/simRosDisableSubscriberResponse.h
Symlinking /home/zhang/catkin_ws/devel/include/vrep_common/simRosGetObjectChildResponse.h
Symlinking /home/zhang/catkin_ws/devel/include/vrep_common/simRosSetArrayParameter.h
Symlinking /home/zhang/catkin_ws/devel/include/vrep_common/simRosBreakForceSensor.h
Symlinking /home/zhang/catkin_ws/devel/include/vrep_common/simRosSetObjectFloatParameterRequest.h
Symlinking /home/zhang/catkin_ws/devel/include/vrep_common/simRosSetIntegerParameter.h
Symlinking /home/zhang/catkin_ws/devel/include/vrep_common/simRosSetFloatSignal.h
Symlinking /home/zhang/catkin_ws/devel/include/vrep_common/simRosEnableSubscriberResponse.h
Symlinking /home/zhang/catkin_ws/devel/include/vrep_common/simRosLoadSceneRequest.h
Symlinking /home/zhang/catkin_ws/devel/include/vrep_common/simRosGetObjectHandle.h
Symlinking /home/zhang/catkin_ws/devel/include/vrep_common/simRosGetJointMatrixResponse.h
Symlinking /home/zhang/catkin_ws/devel/include/vrep_common/simRosSynchronousTrigger.h
Symlinking /home/zhang/catkin_ws/devel/include/vrep_common/simRosGetCollisionHandle.h
Symlinking /home/zhang/catkin_ws/devel/include/vrep_common/simRosEndDialog.h
Symlinking /home/zhang/catkin_ws/devel/include/vrep_common/simRosSetJointPositionResponse.h
Symlinking /home/zhang/catkin_ws/devel/include/vrep_common/simRosReadProximitySensor.h
Symlinking /home/zhang/catkin_ws/devel/include/vrep_common/simRosGetIntegerSignal.h
Symlinking /home/zhang/catkin_ws/devel/include/vrep_common/simRosSetJointPositionRequest.h
Symlinking /home/zhang/catkin_ws/devel/include/vrep_common/simRosEnableSubscriber.h
Symlinking /home/zhang/catkin_ws/devel/include/vrep_common/simRosSetJointForceRequest.h
Symlinking /home/zhang/catkin_ws/devel/include/vrep_common/simRosGetObjectChild.h
Symlinking /home/zhang/catkin_ws/devel/include/vrep_common/simRosReadVisionSensor.h
Symlinking /home/zhang/catkin_ws/devel/include/vrep_common/simRosReadVisionSensorResponse.h
Symlinking /home/zhang/catkin_ws/devel/include/vrep_common/simRosGetLastErrorsResponse.h
Symlinking /home/zhang/catkin_ws/devel/include/vrep_common/simRosSetFloatingParameterRequest.h
Symlinking /home/zhang/catkin_ws/devel/include/vrep_common/simRosGetCollectionHandle.h
Symlinking /home/zhang/catkin_ws/devel/include/vrep_common/simRosSetUIButtonPropertyRequest.h
Symlinking /home/zhang/catkin_ws/devel/include/vrep_common/simRosGetIntegerParameterRequest.h
Symlinking /home/zhang/catkin_ws/devel/include/vrep_common/simRosGetObjectGroupData.h
Symlinking /home/zhang/catkin_ws/devel/include/vrep_common/simRosGetArrayParameterRequest.h
Symlinking /home/zhang/catkin_ws/devel/include/vrep_common/simRosGetLastErrorsRequest.h
Symlinking /home/zhang/catkin_ws/devel/include/vrep_common/simRosGetObjectIntParameterRequest.h
Symlinking /home/zhang/catkin_ws/devel/include/vrep_common/simRosCallScriptFunctionRequest.h
Symlinking /home/zhang/catkin_ws/devel/include/vrep_common/simRosSetObjectFloatParameter.h
Symlinking /home/zhang/catkin_ws/devel/include/vrep_common/simRosSynchronous.h
Symlinking /home/zhang/catkin_ws/devel/include/vrep_common/simRosGetDistanceHandle.h
Symlinking /home/zhang/catkin_ws/devel/include/vrep_common/simRosGetStringSignalRequest.h
Symlinking /home/zhang/catkin_ws/devel/include/vrep_common/simRosSetFloatingParameter.h
Symlinking /home/zhang/catkin_ws/devel/include/vrep_common/simRosEnableSubscriberRequest.h
Symlinking /home/zhang/catkin_ws/devel/include/vrep_common/ForceSensorData.h
Symlinking /home/zhang/catkin_ws/devel/include/vrep_common/simRosSetJointTargetVelocityResponse.h
Symlinking /home/zhang/catkin_ws/devel/include/vrep_common/simRosTransferFile.h
Symlinking /home/zhang/catkin_ws/devel/include/vrep_common/simRosEndDialogResponse.h
Symlinking /home/zhang/catkin_ws/devel/include/vrep_common/ScriptFunctionCallData.h
Symlinking /home/zhang/catkin_ws/devel/include/vrep_common/simRosSetStringSignalRequest.h
Symlinking /home/zhang/catkin_ws/devel/include/vrep_common/simRosDisablePublisherRequest.h
Symlinking /home/zhang/catkin_ws/devel/include/vrep_common/simRosCloseSceneResponse.h
Symlinking /home/zhang/catkin_ws/devel/include/vrep_common/VisionSensorDepthBuff.h
Symlinking /home/zhang/catkin_ws/devel/include/vrep_common/simRosGetDistanceHandleResponse.h
Symlinking /home/zhang/catkin_ws/devel/include/vrep_common/simRosAuxiliaryConsoleOpenResponse.h
Symlinking /home/zhang/catkin_ws/devel/include/vrep_common/simRosSetObjectQuaternionResponse.h
Symlinking /home/zhang/catkin_ws/devel/include/vrep_common/simRosCopyPasteObjectsResponse.h
Symlinking /home/zhang/catkin_ws/devel/include/vrep_common/simRosSetArrayParameterRequest.h
Symlinking /home/zhang/catkin_ws/devel/include/vrep_common/simRosRemoveUIResponse.h
Symlinking /home/zhang/catkin_ws/devel/include/vrep_common/simRosSetIntegerSignalResponse.h
Symlinking /home/zhang/catkin_ws/devel/include/vrep_common/simRosGetObjectHandleResponse.h
Symlinking /home/zhang/catkin_ws/devel/include/vrep_common/simRosSetVisionSensorImageRequest.h
Symlinking /home/zhang/catkin_ws/devel/include/vrep_common/simRosAuxiliaryConsoleShow.h
Symlinking /home/zhang/catkin_ws/devel/include/vrep_common/simRosReadForceSensorResponse.h
Symlinking /home/zhang/catkin_ws/devel/include/vrep_common/simRosSetObjectSelection.h
Symlinking /home/zhang/catkin_ws/devel/include/vrep_common/simRosGetUISlider.h
Symlinking /home/zhang/catkin_ws/devel/include/vrep_common/VrepInfo.h
Symlinking /home/zhang/catkin_ws/devel/include/vrep_common/simRosSetObjectQuaternion.h
Symlinking /home/zhang/catkin_ws/devel/include/vrep_common/simRosSetObjectParentRequest.h
Symlinking /home/zhang/catkin_ws/devel/include/vrep_common/simRosSetJointTargetPosition.h
Symlinking /home/zhang/catkin_ws/devel/include/vrep_common/simRosBreakForceSensorResponse.h
Symlinking /home/zhang/catkin_ws/devel/include/vrep_common/simRosRemoveObjectRequest.h
Symlinking /home/zhang/catkin_ws/devel/include/vrep_common/simRosGetModelProperty.h
Symlinking /home/zhang/catkin_ws/devel/include/vrep_common/simRosGetObjectParent.h
Symlinking /home/zhang/catkin_ws/devel/include/vrep_common/simRosClearIntegerSignalResponse.h
Symlinking /home/zhang/catkin_ws/devel/include/vrep_common/simRosSetUIButtonLabelResponse.h
Symlinking /home/zhang/catkin_ws/devel/include/vrep_common/simRosCloseScene.h
Symlinking /home/zhang/catkin_ws/devel/include/vrep_common/simRosSetObjectFloatParameterResponse.h
Symlinking /home/zhang/catkin_ws/devel/include/vrep_common/simRosGetObjectFloatParameterRequest.h
Symlinking /home/zhang/catkin_ws/devel/include/vrep_common/simRosSetVisionSensorImage.h
Symlinking /home/zhang/catkin_ws/devel/include/vrep_common/simRosRemoveModel.h
Symlinking /home/zhang/catkin_ws/devel/include/vrep_common/simRosStartSimulationRequest.h
Symlinking /home/zhang/catkin_ws/devel/include/vrep_common/simRosGetUIEventButton.h
Symlinking /home/zhang/catkin_ws/devel/include/vrep_common/simRosGetFloatSignal.h
Symlinking /home/zhang/catkin_ws/devel/include/vrep_common/simRosSetUISliderRequest.h
Symlinking /home/zhang/catkin_ws/devel/include/vrep_common/simRosGetIntegerParameter.h
Symlinking /home/zhang/catkin_ws/devel/include/vrep_common/simRosStopSimulationResponse.h
Symlinking /home/zhang/catkin_ws/devel/include/vrep_common/simRosGetBooleanParameterRequest.h
Symlinking /home/zhang/catkin_ws/devel/include/vrep_common/simRosGetVisionSensorDepthBuffer.h
Symlinking /home/zhang/catkin_ws/devel/include/vrep_common/simRosGetObjectIntParameterResponse.h
Symlinking /home/zhang/catkin_ws/devel/include/vrep_common/simRosAppendStringSignalRequest.h
Symlinking /home/zhang/catkin_ws/devel/include/vrep_common/simRosPauseSimulation.h
Symlinking /home/zhang/catkin_ws/devel/include/vrep_common/simRosGetObjectGroupDataRequest.h
Symlinking /home/zhang/catkin_ws/devel/include/vrep_common/simRosSetUIButtonLabelRequest.h
Symlinking /home/zhang/catkin_ws/devel/include/vrep_common/simRosLoadModel.h
Symlinking /home/zhang/catkin_ws/devel/include/vrep_common/simRosAddStatusbarMessageResponse.h
Symlinking /home/zhang/catkin_ws/devel/include/vrep_common/simRosSetBooleanParameterResponse.h
Symlinking /home/zhang/catkin_ws/devel/include/vrep_common/simRosSetUIButtonPropertyResponse.h
Symlinking /home/zhang/catkin_ws/devel/include/vrep_common/simRosCreateDummy.h
Symlinking /home/zhang/catkin_ws/devel/include/vrep_common/simRosEnablePublisherRequest.h
Symlinking /home/zhang/catkin_ws/devel/include/vrep_common/simRosGetArrayParameter.h
Symlinking /home/zhang/catkin_ws/devel/include/vrep_common/simRosReadCollisionResponse.h
Symlinking /home/zhang/catkin_ws/devel/include/vrep_common/simRosDisplayDialog.h
Symlinking /home/zhang/catkin_ws/devel/include/vrep_common/simRosRemoveObjectResponse.h
Symlinking /home/zhang/catkin_ws/devel/include/vrep_common/JointSetStateData.h
Symlinking /home/zhang/catkin_ws/devel/include/vrep_common/simRosGetObjectHandleRequest.h
Symlinking /home/zhang/catkin_ws/devel/include/vrep_common/simRosDisablePublisher.h
Symlinking /home/zhang/catkin_ws/devel/include/vrep_common/simRosPauseSimulationResponse.h
Symlinking /home/zhang/catkin_ws/devel/include/vrep_common/simRosAddStatusbarMessageRequest.h
Symlinking /home/zhang/catkin_ws/devel/include/vrep_common/simRosSetBooleanParameter.h
Symlinking /home/zhang/catkin_ws/devel/include/vrep_common/simRosGetJointStateResponse.h
Symlinking /home/zhang/catkin_ws/devel/include/vrep_common/simRosGetObjectPoseRequest.h
Symlinking /home/zhang/catkin_ws/devel/include/vrep_common/simRosCreateDummyRequest.h
Symlinking /home/zhang/catkin_ws/devel/include/vrep_common/simRosSetObjectQuaternionRequest.h
Symlinking /home/zhang/catkin_ws/devel/include/vrep_common/simRosGetJointMatrixRequest.h
Symlinking /home/zhang/catkin_ws/devel/include/vrep_common/simRosGetStringSignal.h
Symlinking /home/zhang/catkin_ws/devel/include/vrep_common/simRosEnablePublisherResponse.h
Symlinking /home/zhang/catkin_ws/devel/include/vrep_common/simRosGetDialogResultResponse.h
Symlinking /home/zhang/catkin_ws/devel/include/vrep_common/simRosGetUISliderResponse.h
Symlinking /home/zhang/catkin_ws/devel/include/vrep_common/simRosGetObjectSelectionResponse.h
Symlinking /home/zhang/catkin_ws/devel/include/vrep_common/simRosSetJointForce.h
Symlinking /home/zhang/catkin_ws/devel/include/vrep_common/simRosReadProximitySensorResponse.h
Symlinking /home/zhang/catkin_ws/devel/include/vrep_common/simRosReadCollisionRequest.h
Symlinking /home/zhang/catkin_ws/devel/include/vrep_common/simRosGetUIHandleResponse.h
Symlinking /home/zhang/catkin_ws/devel/include/vrep_common/simRosSetIntegerSignal.h
Symlinking /home/zhang/catkin_ws/devel/include/vrep_common/simRosGetObjectParentRequest.h
Symlinking /home/zhang/catkin_ws/devel/include/vrep_common/simRosGetObjectChildRequest.h
Symlinking /home/zhang/catkin_ws/devel/include/vrep_common/simRosSetObjectSelectionRequest.h
Symlinking /home/zhang/catkin_ws/devel/include/vrep_common/simRosGetAndClearStringSignalRequest.h
Symlinking /home/zhang/catkin_ws/devel/include/vrep_common/simRosSetObjectPoseRequest.h
Symlinking /home/zhang/catkin_ws/devel/include/vrep_common/simRosGetLastErrors.h
Symlinking /home/zhang/catkin_ws/devel/include/vrep_common/simRosGetCollectionHandleResponse.h
Symlinking /home/zhang/catkin_ws/devel/include/vrep_common/simRosLoadUIRequest.h
Symlinking /home/zhang/catkin_ws/devel/include/vrep_common/simRosEnablePublisher.h
Symlinking /home/zhang/catkin_ws/devel/include/vrep_common/simRosCopyPasteObjectsRequest.h
Symlinking /home/zhang/catkin_ws/devel/include/vrep_common/simRosClearStringSignal.h
Symlinking /home/zhang/catkin_ws/devel/include/vrep_common/simRosGetDialogInputResponse.h
Symlinking /home/zhang/catkin_ws/devel/include/vrep_common/simRosSetIntegerSignalRequest.h
Symlinking /home/zhang/catkin_ws/devel/include/vrep_common/simRosClearFloatSignalRequest.h
Symlinking /home/zhang/catkin_ws/devel/include/vrep_common/simRosGetUIEventButtonResponse.h
Symlinking /home/zhang/catkin_ws/devel/include/vrep_common/simRosSetModelProperty.h
Symlinking /home/zhang/catkin_ws/devel/include/vrep_common/simRosGetCollectionHandleRequest.h
Symlinking /home/zhang/catkin_ws/devel/include/vrep_common/simRosLoadModelResponse.h
Symlinking /home/zhang/catkin_ws/devel/include/vrep_common/simRosCopyPasteObjects.h
Symlinking /home/zhang/catkin_ws/devel/include/vrep_common/simRosGetObjectPose.h
Symlinking /home/zhang/catkin_ws/devel/include/vrep_common/simRosLoadScene.h
Symlinking /home/zhang/catkin_ws/devel/include/vrep_common/simRosGetVisionSensorImageResponse.h
Symlinking /home/zhang/catkin_ws/devel/include/vrep_common/simRosGetModelPropertyRequest.h
Symlinking /home/zhang/catkin_ws/devel/include/vrep_common/simRosGetAndClearStringSignal.h
Symlinking /home/zhang/catkin_ws/devel/include/vrep_common/simRosClearFloatSignal.h
Symlinking /home/zhang/catkin_ws/devel/include/vrep_common/simRosSetIntegerParameterResponse.h
Symlinking /home/zhang/catkin_ws/devel/include/vrep_common/simRosSetJointForceResponse.h
Symlinking /home/zhang/catkin_ws/devel/include/vrep_common/simRosSetObjectSelectionResponse.h
Symlinking /home/zhang/catkin_ws/devel/include/vrep_common/simRosGetFloatSignalResponse.h
Symlinking /home/zhang/catkin_ws/devel/include/vrep_common/simRosSetFloatSignalResponse.h
Symlinking /home/zhang/catkin_ws/devel/include/vrep_common/simRosAuxiliaryConsolePrintResponse.h
Symlinking /home/zhang/catkin_ws/devel/include/vrep_common/simRosAuxiliaryConsoleShowRequest.h
Symlinking /home/zhang/catkin_ws/devel/include/vrep_common/simRosReadProximitySensorRequest.h
Symlinking /home/zhang/catkin_ws/devel/include/vrep_common/simRosGetVisionSensorDepthBufferRequest.h
Symlinking /home/zhang/catkin_ws/devel/include/vrep_common/simRosSetVisionSensorImageResponse.h
Symlinking /home/zhang/catkin_ws/devel/include/vrep_common/simRosGetUIEventButtonRequest.h
Symlinking /home/zhang/catkin_ws/devel/include/vrep_common/VisionSensorData.h
Symlinking /home/zhang/catkin_ws/devel/include/vrep_common/ProximitySensorData.h
Symlinking /home/zhang/catkin_ws/devel/include/vrep_common/simRosEraseFileResponse.h
Symlinking /home/zhang/catkin_ws/devel/include/vrep_common/simRosGetStringSignalResponse.h
Symlinking /home/zhang/catkin_ws/devel/include/vrep_common/simRosSetUISlider.h
Symlinking /home/zhang/catkin_ws/devel/include/vrep_common/simRosSetModelPropertyResponse.h
Symlinking /home/zhang/catkin_ws/devel/include/vrep_common/simRosAuxiliaryConsoleOpen.h
Symlinking /home/zhang/catkin_ws/devel/include/vrep_common/simRosClearFloatSignalResponse.h
Symlinking /home/zhang/catkin_ws/devel/include/vrep_common/simRosGetIntegerSignalResponse.h
Symlinking /home/zhang/catkin_ws/devel/include/vrep_common/simRosGetInfoResponse.h
Symlinking /home/zhang/catkin_ws/devel/include/vrep_common/simRosSetJointTargetPositionResponse.h
Symlinking /home/zhang/catkin_ws/devel/include/vrep_common/simRosSetJointTargetPositionRequest.h
Symlinking /home/zhang/catkin_ws/devel/include/vrep_common/simRosSetJointState.h
Symlinking /home/zhang/catkin_ws/devel/include/vrep_common/simRosSetIntegerParameterRequest.h
Symlinking /home/zhang/catkin_ws/devel/include/vrep_common/simRosGetObjectParentResponse.h
Symlinking /home/zhang/catkin_ws/devel/include/vrep_common/simRosDisablePublisherResponse.h
Symlinking /home/zhang/catkin_ws/devel/include/vrep_common/simRosSetObjectIntParameter.h
Symlinking /home/zhang/catkin_ws/devel/include/vrep_common/simRosSetUIButtonProperty.h
Symlinking /home/zhang/catkin_ws/devel/include/vrep_common/simRosEndDialogRequest.h
Symlinking /home/zhang/catkin_ws/devel/include/vrep_common/simRosSetUISliderResponse.h
Symlinking /home/zhang/catkin_ws/devel/include/vrep_common/simRosSetObjectIntParameterResponse.h
Symlinking /home/zhang/catkin_ws/devel/include/vrep_common/simRosRemoveObject.h
Symlinking /home/zhang/catkin_ws/devel/include/vrep_common/simRosAppendStringSignalResponse.h
Symlinking /home/zhang/catkin_ws/devel/include/vrep_common/simRosGetDistanceHandleRequest.h
Symlinking /home/zhang/catkin_ws/devel/include/vrep_common/simRosSetUIButtonLabel.h
Symlinking /home/zhang/catkin_ws/devel/include/vrep_common/simRosGetObjectsResponse.h
Symlinking /home/zhang/catkin_ws/devel/include/vrep_common/simRosSetObjectParentResponse.h
Symlinking /home/zhang/catkin_ws/devel/include/vrep_common/simRosGetUIButtonProperty.h
Symlinking /home/zhang/catkin_ws/devel/include/vrep_common/simRosAuxiliaryConsoleCloseResponse.h
Symlinking /home/zhang/catkin_ws/devel/include/vrep_common/simRosCreateDummyResponse.h
Symlinking /home/zhang/catkin_ws/devel/include/vrep_common/simRosGetBooleanParameterResponse.h
Symlinking /home/zhang/catkin_ws/devel/include/vrep_common/simRosEraseFileRequest.h
Symlinking /home/zhang/catkin_ws/devel/include/vrep_common/simRosSetBooleanParameterRequest.h
Symlinking /home/zhang/catkin_ws/devel/include/vrep_common/ObjectGroupData.h
Symlinking /home/zhang/catkin_ws/devel/include/vrep_common/simRosSetFloatingParameterResponse.h
Symlinking /home/zhang/catkin_ws/devel/include/vrep_common/simRosClearStringSignalRequest.h
Symlinking /home/zhang/catkin_ws/devel/include/vrep_common/simRosReadForceSensorRequest.h
Symlinking /home/zhang/catkin_ws/devel/include/vrep_common/simRosSetArrayParameterResponse.h
Symlinking /home/zhang/catkin_ws/devel/include/vrep_common/simRosTransferFileResponse.h
Symlinking /home/zhang/catkin_ws/devel/include/vrep_common/simRosAuxiliaryConsoleClose.h
Symlinking /home/zhang/catkin_ws/devel/include/vrep_common/simRosSetObjectParent.h
Symlinking /home/zhang/catkin_ws/devel/include/vrep_common/simRosGetCollisionHandleResponse.h
Symlinking /home/zhang/catkin_ws/devel/include/vrep_common/simRosReadVisionSensorRequest.h
Symlinking /home/zhang/catkin_ws/devel/include/vrep_common/simRosSetSphericalJointMatrixResponse.h
Symlinking /home/zhang/catkin_ws/devel/include/vrep_common/simRosGetObjectGroupDataResponse.h
Symlinking /home/zhang/catkin_ws/devel/include/vrep_common/simRosGetObjectIntParameter.h
Symlinking /home/zhang/catkin_ws/devel/include/vrep_common/simRosGetUIButtonPropertyResponse.h
Symlinking /home/zhang/catkin_ws/devel/include/vrep_common/simRosSetJointStateRequest.h
Symlinking /home/zhang/catkin_ws/devel/include/vrep_common/simRosLoadModelRequest.h
Symlinking /home/zhang/catkin_ws/devel/include/vrep_common/simRosLoadUIResponse.h
Symlinking /home/zhang/catkin_ws/devel/include/vrep_common/simRosStopSimulationRequest.h
Symlinking /home/zhang/catkin_ws/devel/include/vrep_common/simRosGetJointState.h
Symlinking /home/zhang/catkin_ws/devel/include/vrep_common/simRosDisplayDialogResponse.h
Symlinking /home/zhang/catkin_ws/devel/include/vrep_common/simRosReadForceSensor.h
Symlinking /home/zhang/catkin_ws/devel/lib/python2.7/dist-packages/vrep_common/__init__.py
Symlinking /home/zhang/catkin_ws/devel/lib/python2.7/dist-packages/vrep_common/srv/_simRosPauseSimulation.py
Symlinking /home/zhang/catkin_ws/devel/lib/python2.7/dist-packages/vrep_common/srv/_simRosAddStatusbarMessage.py
Symlinking /home/zhang/catkin_ws/devel/lib/python2.7/dist-packages/vrep_common/srv/_simRosEnableSubscriber.py
Symlinking /home/zhang/catkin_ws/devel/lib/python2.7/dist-packages/vrep_common/srv/_simRosSetStringSignal.py
Symlinking /home/zhang/catkin_ws/devel/lib/python2.7/dist-packages/vrep_common/srv/_simRosSetJointTargetPosition.py
Symlinking /home/zhang/catkin_ws/devel/lib/python2.7/dist-packages/vrep_common/srv/_simRosSetUISlider.py
Symlinking /home/zhang/catkin_ws/devel/lib/python2.7/dist-packages/vrep_common/srv/_simRosGetUISlider.py
Symlinking /home/zhang/catkin_ws/devel/lib/python2.7/dist-packages/vrep_common/srv/_simRosSynchronous.py
Symlinking /home/zhang/catkin_ws/devel/lib/python2.7/dist-packages/vrep_common/srv/_simRosGetObjectHandle.py
Symlinking /home/zhang/catkin_ws/devel/lib/python2.7/dist-packages/vrep_common/srv/_simRosLoadUI.py
Symlinking /home/zhang/catkin_ws/devel/lib/python2.7/dist-packages/vrep_common/srv/_simRosDisplayDialog.py
Symlinking /home/zhang/catkin_ws/devel/lib/python2.7/dist-packages/vrep_common/srv/_simRosAuxiliaryConsoleClose.py
Symlinking /home/zhang/catkin_ws/devel/lib/python2.7/dist-packages/vrep_common/srv/_simRosStartSimulation.py
Symlinking /home/zhang/catkin_ws/devel/lib/python2.7/dist-packages/vrep_common/srv/_simRosGetLastErrors.py
Symlinking /home/zhang/catkin_ws/devel/lib/python2.7/dist-packages/vrep_common/srv/_simRosGetObjectChild.py
Symlinking /home/zhang/catkin_ws/devel/lib/python2.7/dist-packages/vrep_common/srv/_simRosAppendStringSignal.py
Symlinking /home/zhang/catkin_ws/devel/lib/python2.7/dist-packages/vrep_common/srv/_simRosAuxiliaryConsolePrint.py
Symlinking /home/zhang/catkin_ws/devel/lib/python2.7/dist-packages/vrep_common/srv/_simRosGetFloatingParameter.py
Symlinking /home/zhang/catkin_ws/devel/lib/python2.7/dist-packages/vrep_common/srv/_simRosGetDialogResult.py
Symlinking /home/zhang/catkin_ws/devel/lib/python2.7/dist-packages/vrep_common/srv/_simRosGetDistanceHandle.py
Symlinking /home/zhang/catkin_ws/devel/lib/python2.7/dist-packages/vrep_common/srv/_simRosGetCollisionHandle.py
Symlinking /home/zhang/catkin_ws/devel/lib/python2.7/dist-packages/vrep_common/srv/_simRosReadVisionSensor.py
Symlinking /home/zhang/catkin_ws/devel/lib/python2.7/dist-packages/vrep_common/srv/_simRosRemoveObject.py
Symlinking /home/zhang/catkin_ws/devel/lib/python2.7/dist-packages/vrep_common/srv/_simRosGetModelProperty.py
Symlinking /home/zhang/catkin_ws/devel/lib/python2.7/dist-packages/vrep_common/srv/_simRosSetObjectParent.py
Symlinking /home/zhang/catkin_ws/devel/lib/python2.7/dist-packages/vrep_common/srv/_simRosBreakForceSensor.py
Symlinking /home/zhang/catkin_ws/devel/lib/python2.7/dist-packages/vrep_common/srv/_simRosRemoveUI.py
Symlinking /home/zhang/catkin_ws/devel/lib/python2.7/dist-packages/vrep_common/srv/_simRosGetObjectFloatParameter.py
Symlinking /home/zhang/catkin_ws/devel/lib/python2.7/dist-packages/vrep_common/srv/_simRosDisableSubscriber.py
Symlinking /home/zhang/catkin_ws/devel/lib/python2.7/dist-packages/vrep_common/srv/_simRosCloseScene.py
Symlinking /home/zhang/catkin_ws/devel/lib/python2.7/dist-packages/vrep_common/srv/_simRosGetVisionSensorImage.py
Symlinking /home/zhang/catkin_ws/devel/lib/python2.7/dist-packages/vrep_common/srv/_simRosSetIntegerParameter.py
Symlinking /home/zhang/catkin_ws/devel/lib/python2.7/dist-packages/vrep_common/srv/_simRosGetAndClearStringSignal.py
Symlinking /home/zhang/catkin_ws/devel/lib/python2.7/dist-packages/vrep_common/srv/_simRosClearFloatSignal.py
Symlinking /home/zhang/catkin_ws/devel/lib/python2.7/dist-packages/vrep_common/srv/_simRosGetDialogInput.py
Symlinking /home/zhang/catkin_ws/devel/lib/python2.7/dist-packages/vrep_common/srv/_simRosGetFloatSignal.py
Symlinking /home/zhang/catkin_ws/devel/lib/python2.7/dist-packages/vrep_common/srv/_simRosSetObjectPosition.py
Symlinking /home/zhang/catkin_ws/devel/lib/python2.7/dist-packages/vrep_common/srv/_simRosSetIntegerSignal.py
Symlinking /home/zhang/catkin_ws/devel/lib/python2.7/dist-packages/vrep_common/srv/_simRosSetFloatingParameter.py
Symlinking /home/zhang/catkin_ws/devel/lib/python2.7/dist-packages/vrep_common/srv/_simRosGetObjectIntParameter.py
Symlinking /home/zhang/catkin_ws/devel/lib/python2.7/dist-packages/vrep_common/srv/_simRosGetObjectGroupData.py
Symlinking /home/zhang/catkin_ws/devel/lib/python2.7/dist-packages/vrep_common/srv/_simRosSetUIButtonLabel.py
Symlinking /home/zhang/catkin_ws/devel/lib/python2.7/dist-packages/vrep_common/srv/_simRosReadDistance.py
Symlinking /home/zhang/catkin_ws/devel/lib/python2.7/dist-packages/vrep_common/srv/_simRosSetModelProperty.py
Symlinking /home/zhang/catkin_ws/devel/lib/python2.7/dist-packages/vrep_common/srv/_simRosClearStringSignal.py
Symlinking /home/zhang/catkin_ws/devel/lib/python2.7/dist-packages/vrep_common/srv/_simRosSetSphericalJointMatrix.py
Symlinking /home/zhang/catkin_ws/devel/lib/python2.7/dist-packages/vrep_common/srv/_simRosGetIntegerSignal.py
Symlinking /home/zhang/catkin_ws/devel/lib/python2.7/dist-packages/vrep_common/srv/_simRosGetInfo.py
Symlinking /home/zhang/catkin_ws/devel/lib/python2.7/dist-packages/vrep_common/srv/_simRosSetJointForce.py
Symlinking /home/zhang/catkin_ws/devel/lib/python2.7/dist-packages/vrep_common/srv/_simRosLoadModel.py
Symlinking /home/zhang/catkin_ws/devel/lib/python2.7/dist-packages/vrep_common/srv/_simRosEraseFile.py
Symlinking /home/zhang/catkin_ws/devel/lib/python2.7/dist-packages/vrep_common/srv/_simRosGetUIHandle.py
Symlinking /home/zhang/catkin_ws/devel/lib/python2.7/dist-packages/vrep_common/srv/__init__.py
Symlinking /home/zhang/catkin_ws/devel/lib/python2.7/dist-packages/vrep_common/srv/_simRosCreateDummy.py
Symlinking /home/zhang/catkin_ws/devel/lib/python2.7/dist-packages/vrep_common/srv/_simRosSynchronousTrigger.py
Symlinking /home/zhang/catkin_ws/devel/lib/python2.7/dist-packages/vrep_common/srv/_simRosSetObjectFloatParameter.py
Symlinking /home/zhang/catkin_ws/devel/lib/python2.7/dist-packages/vrep_common/srv/_simRosDisablePublisher.py
Symlinking /home/zhang/catkin_ws/devel/lib/python2.7/dist-packages/vrep_common/srv/_simRosClearIntegerSignal.py
Symlinking /home/zhang/catkin_ws/devel/lib/python2.7/dist-packages/vrep_common/srv/_simRosLoadScene.py
Symlinking /home/zhang/catkin_ws/devel/lib/python2.7/dist-packages/vrep_common/srv/_simRosGetCollectionHandle.py
Symlinking /home/zhang/catkin_ws/devel/lib/python2.7/dist-packages/vrep_common/srv/_simRosSetArrayParameter.py
Symlinking /home/zhang/catkin_ws/devel/lib/python2.7/dist-packages/vrep_common/srv/_simRosGetJointMatrix.py
Symlinking /home/zhang/catkin_ws/devel/lib/python2.7/dist-packages/vrep_common/srv/_simRosGetUIButtonProperty.py
Symlinking /home/zhang/catkin_ws/devel/lib/python2.7/dist-packages/vrep_common/srv/_simRosGetStringParameter.py
Symlinking /home/zhang/catkin_ws/devel/lib/python2.7/dist-packages/vrep_common/srv/_simRosReadForceSensor.py
Symlinking /home/zhang/catkin_ws/devel/lib/python2.7/dist-packages/vrep_common/srv/_simRosSetObjectQuaternion.py
Symlinking /home/zhang/catkin_ws/devel/lib/python2.7/dist-packages/vrep_common/srv/_simRosSetObjectSelection.py
Symlinking /home/zhang/catkin_ws/devel/lib/python2.7/dist-packages/vrep_common/srv/_simRosRemoveModel.py
Symlinking /home/zhang/catkin_ws/devel/lib/python2.7/dist-packages/vrep_common/srv/_simRosReadCollision.py
Symlinking /home/zhang/catkin_ws/devel/lib/python2.7/dist-packages/vrep_common/srv/_simRosGetArrayParameter.py
Symlinking /home/zhang/catkin_ws/devel/lib/python2.7/dist-packages/vrep_common/srv/_simRosTransferFile.py
Symlinking /home/zhang/catkin_ws/devel/lib/python2.7/dist-packages/vrep_common/srv/_simRosGetObjectParent.py
Symlinking /home/zhang/catkin_ws/devel/lib/python2.7/dist-packages/vrep_common/srv/_simRosSetUIButtonProperty.py
Symlinking /home/zhang/catkin_ws/devel/lib/python2.7/dist-packages/vrep_common/srv/_simRosSetJointTargetVelocity.py
Symlinking /home/zhang/catkin_ws/devel/lib/python2.7/dist-packages/vrep_common/srv/_simRosGetObjectPose.py
Symlinking /home/zhang/catkin_ws/devel/lib/python2.7/dist-packages/vrep_common/srv/_simRosGetVisionSensorDepthBuffer.py
Symlinking /home/zhang/catkin_ws/devel/lib/python2.7/dist-packages/vrep_common/srv/_simRosGetObjects.py
Symlinking /home/zhang/catkin_ws/devel/lib/python2.7/dist-packages/vrep_common/srv/_simRosReadProximitySensor.py
Symlinking /home/zhang/catkin_ws/devel/lib/python2.7/dist-packages/vrep_common/srv/_simRosSetJointState.py
Symlinking /home/zhang/catkin_ws/devel/lib/python2.7/dist-packages/vrep_common/srv/_simRosSetObjectPose.py
Symlinking /home/zhang/catkin_ws/devel/lib/python2.7/dist-packages/vrep_common/srv/_simRosGetUIEventButton.py
Symlinking /home/zhang/catkin_ws/devel/lib/python2.7/dist-packages/vrep_common/srv/_simRosEndDialog.py
Symlinking /home/zhang/catkin_ws/devel/lib/python2.7/dist-packages/vrep_common/srv/_simRosGetJointState.py
Symlinking /home/zhang/catkin_ws/devel/lib/python2.7/dist-packages/vrep_common/srv/_simRosGetBooleanParameter.py
Symlinking /home/zhang/catkin_ws/devel/lib/python2.7/dist-packages/vrep_common/srv/_simRosSetFloatSignal.py
Symlinking /home/zhang/catkin_ws/devel/lib/python2.7/dist-packages/vrep_common/srv/_simRosGetIntegerParameter.py
Symlinking /home/zhang/catkin_ws/devel/lib/python2.7/dist-packages/vrep_common/srv/_simRosEnablePublisher.py
Symlinking /home/zhang/catkin_ws/devel/lib/python2.7/dist-packages/vrep_common/srv/_simRosSetBooleanParameter.py
Symlinking /home/zhang/catkin_ws/devel/lib/python2.7/dist-packages/vrep_common/srv/_simRosAuxiliaryConsoleShow.py
Symlinking /home/zhang/catkin_ws/devel/lib/python2.7/dist-packages/vrep_common/srv/_simRosAuxiliaryConsoleOpen.py
Symlinking /home/zhang/catkin_ws/devel/lib/python2.7/dist-packages/vrep_common/srv/_simRosSetJointPosition.py
Symlinking /home/zhang/catkin_ws/devel/lib/python2.7/dist-packages/vrep_common/srv/_simRosCallScriptFunction.py
Symlinking /home/zhang/catkin_ws/devel/lib/python2.7/dist-packages/vrep_common/srv/_simRosSetVisionSensorImage.py
Symlinking /home/zhang/catkin_ws/devel/lib/python2.7/dist-packages/vrep_common/srv/_simRosGetObjectSelection.py
Symlinking /home/zhang/catkin_ws/devel/lib/python2.7/dist-packages/vrep_common/srv/_simRosSetObjectIntParameter.py
Symlinking /home/zhang/catkin_ws/devel/lib/python2.7/dist-packages/vrep_common/srv/_simRosStopSimulation.py
Symlinking /home/zhang/catkin_ws/devel/lib/python2.7/dist-packages/vrep_common/srv/_simRosCopyPasteObjects.py
Symlinking /home/zhang/catkin_ws/devel/lib/python2.7/dist-packages/vrep_common/srv/_simRosGetStringSignal.py
Symlinking /home/zhang/catkin_ws/devel/lib/python2.7/dist-packages/vrep_common/msg/_VrepInfo.py
Symlinking /home/zhang/catkin_ws/devel/lib/python2.7/dist-packages/vrep_common/msg/_JointSetStateData.py
Symlinking /home/zhang/catkin_ws/devel/lib/python2.7/dist-packages/vrep_common/msg/_ObjectGroupData.py
Symlinking /home/zhang/catkin_ws/devel/lib/python2.7/dist-packages/vrep_common/msg/_VisionSensorDepthBuff.py
Symlinking /home/zhang/catkin_ws/devel/lib/python2.7/dist-packages/vrep_common/msg/_ForceSensorData.py
Symlinking /home/zhang/catkin_ws/devel/lib/python2.7/dist-packages/vrep_common/msg/__init__.py
Symlinking /home/zhang/catkin_ws/devel/lib/python2.7/dist-packages/vrep_common/msg/_VisionSensorData.py
Symlinking /home/zhang/catkin_ws/devel/lib/python2.7/dist-packages/vrep_common/msg/_ProximitySensorData.py
Symlinking /home/zhang/catkin_ws/devel/lib/python2.7/dist-packages/vrep_common/msg/_ScriptFunctionCallData.py
Symlinking /home/zhang/catkin_ws/devel/lib/pkgconfig/vrep_common.pc
